2020-09-23 11:55:28,989 INFO org.springframework.boot.StartupInfoLogger [main] Starting MmSpringbootApplicationTests on dell-Inspiron-3576 with PID 26108 (started by andrew in /home/andrew/IdeaProjects/mm-springboot/application)
2020-09-23 11:55:28,996 INFO org.springframework.boot.SpringApplication [main] No active profile set, falling back to default profiles: default
2020-09-23 11:55:30,934 INFO org.springframework.data.repository.config.RepositoryConfigurationDelegate [main] Bootstrapping Spring Data JPA repositories in DEFERRED mode.
2020-09-23 11:55:31,274 INFO org.springframework.data.repository.config.RepositoryConfigurationDelegate [main] Finished Spring Data repository scanning in 317ms. Found 9 JPA repository interfaces.
2020-09-23 11:55:33,130 INFO org.springframework.scheduling.concurrent.ExecutorConfigurationSupport [main] Initializing ExecutorService 'applicationTaskExecutor'
2020-09-23 11:55:33,182 INFO com.zaxxer.hikari.HikariDataSource [main] HikariPool-1 - Starting...
2020-09-23 11:55:33,827 INFO com.zaxxer.hikari.HikariDataSource [main] HikariPool-1 - Start completed.
2020-09-23 11:55:34,058 INFO com.realestate.bootstrap.FacilityImageBootstrap [main] New instance of FacilityImageBootstrap created.
2020-09-23 11:55:34,079 INFO com.realestate.bootstrap.RealEstateAgensyBootstrap [main] New instance of RealEstateAgensyBootstrap created.
2020-09-23 11:55:34,080 INFO org.hibernate.jpa.internal.util.LogHelper [task-1] HHH000204: Processing PersistenceUnitInfo [name: default]
2020-09-23 11:55:34,117 INFO com.realestate.service.implementation.AddressServiceImpl [main] New instance of AddressServiceImpl created
2020-09-23 11:55:34,221 INFO com.realestate.service.implementation.ApartmentServiceImpl [main] New instance of ApartmentServiceImpl created
2020-09-23 11:55:34,293 INFO org.hibernate.Version [task-1] HHH000412: Hibernate ORM core version 5.4.20.Final
2020-09-23 11:55:34,298 INFO com.realestate.service.implementation.BasementServiceImpl [main] New instance of BasementServiceImpl created
2020-09-23 11:55:34,440 INFO com.realestate.service.implementation.ClientServiceImpl [main] New instance of ClientServiceImpl created
2020-09-23 11:55:34,499 INFO org.hibernate.annotations.common.reflection.java.JavaReflectionManager [task-1] HCANN000001: Hibernate Commons Annotations {5.1.0.Final}
2020-09-23 11:55:34,579 INFO com.realestate.service.implementation.GarageServiceImpl [main] New instance of GarageServiceImpl created
2020-09-23 11:55:34,693 INFO com.realestate.service.implementation.HouseServiceImpl [main] New instance of HouseServiceImpl created
2020-09-23 11:55:34,793 INFO com.realestate.service.implementation.RealEstateAgentServiceImpl [main] New instance of RealEstateAgentServiceImpl created
2020-09-23 11:55:34,885 INFO com.realestate.service.implementation.StorageServiceImpl [main] New instance of StorageServiceImpl created
2020-09-23 11:55:34,938 INFO com.realestate.controllers.web.AddressController [main] New instance of AddressController created.
2020-09-23 11:55:34,947 INFO com.realestate.controllers.web.ApartmentController [main] New instance of ApartmentController created.
2020-09-23 11:55:34,957 INFO com.realestate.controllers.web.BasementController [main] New instance of BasementController created.
2020-09-23 11:55:34,966 INFO com.realestate.controllers.web.ClientController [main] New instance of ClientController created.
2020-09-23 11:55:34,986 INFO com.realestate.service.implementation.FacilityServiceImpl [main] New instance of FacilityServiceImpl created
2020-09-23 11:55:35,004 INFO com.realestate.service.implementation.MappingServiceImpl [main] New instance of MappingServiceImpl created
2020-09-23 11:55:35,017 INFO com.realestate.controllers.web.FacilityController [main] New instance of FacilityController created.
2020-09-23 11:55:35,023 INFO com.realestate.controllers.web.GarageController [main] New instance of GarageController created.
2020-09-23 11:55:35,028 INFO com.realestate.controllers.web.HouseController [main] New instance of HouseController created.
2020-09-23 11:55:35,037 INFO com.realestate.controllers.web.RealEstateAgentController [main] New instance of RealEstateAgentController created.
2020-09-23 11:55:35,054 INFO com.realestate.controllers.web.StorageController [main] New instance of StorageController created.
2020-09-23 11:55:35,205 INFO org.hibernate.dialect.Dialect [task-1] HHH000400: Using dialect: org.hibernate.dialect.H2Dialect
2020-09-23 11:55:36,720 INFO org.springframework.security.web.DefaultSecurityFilterChain [main] Creating filter chain: any request, [org.springframework.security.web.context.request.async.WebAsyncManagerIntegrationFilter@1ed0128b, org.springframework.security.web.context.SecurityContextPersistenceFilter@fe38d1e, org.springframework.security.web.header.HeaderWriterFilter@3c98eaa9, org.springframework.security.web.authentication.logout.LogoutFilter@1e205025, com.realestate.security.jwt.JwtUsernameAndPasswordAuthenticationFilter@5319e4fc, com.realestate.security.jwt.JwtTokenVerifier@3b48361e, org.springframework.security.web.savedrequest.RequestCacheAwareFilter@4b8ac512, org.springframework.security.web.servletapi.SecurityContextHolderAwareRequestFilter@29280ca6, org.springframework.security.web.authentication.AnonymousAuthenticationFilter@44b82007, org.springframework.security.web.session.SessionManagementFilter@1299fed3, org.springframework.security.web.access.ExceptionTranslationFilter@7aad7df5, org.springframework.security.web.access.intercept.FilterSecurityInterceptor@55e02661]
2020-09-23 11:55:37,994 INFO org.springframework.boot.autoconfigure.h2.H2ConsoleAutoConfiguration [main] H2 console available at '/h2-console'. Database available at 'jdbc:h2:mem:testdb'
2020-09-23 11:55:38,636 INFO org.hibernate.engine.transaction.jta.platform.internal.JtaPlatformInitiator [task-1] HHH000490: Using JtaPlatform implementation: [org.hibernate.engine.transaction.jta.platform.internal.NoJtaPlatform]
2020-09-23 11:55:38,647 INFO org.springframework.orm.jpa.AbstractEntityManagerFactoryBean [task-1] Initialized JPA EntityManagerFactory for persistence unit 'default'
2020-09-23 11:55:39,102 INFO org.springframework.data.repository.config.DeferredRepositoryInitializationListener [main] Triggering deferred initialization of Spring Data repositories…
2020-09-23 11:55:41,094 INFO org.springframework.data.repository.config.DeferredRepositoryInitializationListener [main] Spring Data repositories initialized!
2020-09-23 11:55:41,694 INFO org.springframework.boot.StartupInfoLogger [main] Started MmSpringbootApplicationTests in 13.68 seconds (JVM running for 28.999)
2020-09-23 11:55:41,830 INFO org.springframework.orm.jpa.AbstractEntityManagerFactoryBean [SpringContextShutdownHook] Closing JPA EntityManagerFactory for persistence unit 'default'
2020-09-23 11:55:41,832 INFO org.hibernate.tool.schema.internal.SchemaDropperImpl$DelayedDropActionImpl [SpringContextShutdownHook] HHH000477: Starting delayed evictData of schema as part of SessionFactory shut-down'
2020-09-23 11:55:41,838 WARN org.hibernate.engine.jdbc.spi.SqlExceptionHelper [SpringContextShutdownHook] SQL Error: 90121, SQLState: 90121
2020-09-23 11:55:41,839 ERROR org.hibernate.engine.jdbc.spi.SqlExceptionHelper [SpringContextShutdownHook] Database is already closed (to disable automatic closing at VM shutdown, add ";DB_CLOSE_ON_EXIT=FALSE" to the db URL) [90121-200]
2020-09-23 11:55:41,844 WARN org.hibernate.engine.jdbc.spi.SqlExceptionHelper [SpringContextShutdownHook] SQL Error: 90121, SQLState: 90121
2020-09-23 11:55:41,845 ERROR org.hibernate.engine.jdbc.spi.SqlExceptionHelper [SpringContextShutdownHook] Database is already closed (to disable automatic closing at VM shutdown, add ";DB_CLOSE_ON_EXIT=FALSE" to the db URL) [90121-200]
2020-09-23 11:55:41,846 WARN org.springframework.beans.factory.support.DisposableBeanAdapter [SpringContextShutdownHook] Invocation of destroy method failed on bean with name 'entityManagerFactory': org.hibernate.exception.JDBCConnectionException: Unable to release JDBC Connection used for DDL execution
2020-09-23 11:55:41,847 INFO org.springframework.scheduling.concurrent.ExecutorConfigurationSupport [SpringContextShutdownHook] Shutting down ExecutorService 'applicationTaskExecutor'
2020-09-23 11:55:41,849 INFO com.zaxxer.hikari.HikariDataSource [SpringContextShutdownHook] HikariPool-1 - Shutdown initiated...
2020-09-23 11:55:41,858 INFO com.zaxxer.hikari.HikariDataSource [SpringContextShutdownHook] HikariPool-1 - Shutdown completed.
2020-09-23 17:24:02,643 INFO org.springframework.boot.StartupInfoLogger [main] Starting MmSpringbootApplicationTests on dell-Inspiron-3576 with PID 3102 (started by andrew in /home/andrew/IdeaProjects/mm-springboot/application)
2020-09-23 17:24:02,656 INFO org.springframework.boot.SpringApplication [main] No active profile set, falling back to default profiles: default
2020-09-23 17:24:04,571 INFO org.springframework.data.repository.config.RepositoryConfigurationDelegate [main] Bootstrapping Spring Data JPA repositories in DEFERRED mode.
2020-09-23 17:24:04,961 INFO org.springframework.data.repository.config.RepositoryConfigurationDelegate [main] Finished Spring Data repository scanning in 369ms. Found 9 JPA repository interfaces.
2020-09-23 17:24:06,638 INFO org.springframework.scheduling.concurrent.ExecutorConfigurationSupport [main] Initializing ExecutorService 'applicationTaskExecutor'
2020-09-23 17:24:06,752 INFO com.zaxxer.hikari.HikariDataSource [main] HikariPool-1 - Starting...
2020-09-23 17:24:07,397 INFO com.zaxxer.hikari.HikariDataSource [main] HikariPool-1 - Start completed.
2020-09-23 17:24:07,652 INFO com.realestate.bootstrap.FacilityImageBootstrap [main] New instance of FacilityImageBootstrap created.
2020-09-23 17:24:07,674 INFO com.realestate.bootstrap.RealEstateAgensyBootstrap [main] New instance of RealEstateAgensyBootstrap created.
2020-09-23 17:24:07,678 INFO org.hibernate.jpa.internal.util.LogHelper [task-1] HHH000204: Processing PersistenceUnitInfo [name: default]
2020-09-23 17:24:07,736 INFO com.realestate.service.implementation.AddressServiceImpl [main] New instance of AddressServiceImpl created
2020-09-23 17:24:07,892 INFO com.realestate.service.implementation.ApartmentServiceImpl [main] New instance of ApartmentServiceImpl created
2020-09-23 17:24:07,906 INFO org.hibernate.Version [task-1] HHH000412: Hibernate ORM core version 5.4.20.Final
2020-09-23 17:24:08,010 INFO com.realestate.service.implementation.BasementServiceImpl [main] New instance of BasementServiceImpl created
2020-09-23 17:24:08,106 INFO org.hibernate.annotations.common.reflection.java.JavaReflectionManager [task-1] HCANN000001: Hibernate Commons Annotations {5.1.0.Final}
2020-09-23 17:24:08,113 INFO com.realestate.service.implementation.ClientServiceImpl [main] New instance of ClientServiceImpl created
2020-09-23 17:24:08,221 INFO com.realestate.service.implementation.GarageServiceImpl [main] New instance of GarageServiceImpl created
2020-09-23 17:24:08,367 INFO com.realestate.service.implementation.HouseServiceImpl [main] New instance of HouseServiceImpl created
2020-09-23 17:24:08,528 INFO com.realestate.service.implementation.RealEstateAgentServiceImpl [main] New instance of RealEstateAgentServiceImpl created
2020-09-23 17:24:08,663 INFO com.realestate.service.implementation.StorageServiceImpl [main] New instance of StorageServiceImpl created
2020-09-23 17:24:08,707 INFO com.realestate.controllers.web.AddressController [main] New instance of AddressController created.
2020-09-23 17:24:08,716 INFO com.realestate.controllers.web.ApartmentController [main] New instance of ApartmentController created.
2020-09-23 17:24:08,722 INFO com.realestate.controllers.web.BasementController [main] New instance of BasementController created.
2020-09-23 17:24:08,725 INFO org.hibernate.dialect.Dialect [task-1] HHH000400: Using dialect: org.hibernate.dialect.H2Dialect
2020-09-23 17:24:08,729 INFO com.realestate.controllers.web.ClientController [main] New instance of ClientController created.
2020-09-23 17:24:08,747 INFO com.realestate.service.implementation.FacilityServiceImpl [main] New instance of FacilityServiceImpl created
2020-09-23 17:24:08,754 INFO com.realestate.service.implementation.MappingServiceImpl [main] New instance of MappingServiceImpl created
2020-09-23 17:24:08,764 INFO com.realestate.controllers.web.FacilityController [main] New instance of FacilityController created.
2020-09-23 17:24:08,772 INFO com.realestate.controllers.web.GarageController [main] New instance of GarageController created.
2020-09-23 17:24:08,777 INFO com.realestate.controllers.web.HouseController [main] New instance of HouseController created.
2020-09-23 17:24:08,788 INFO com.realestate.controllers.web.RealEstateAgentController [main] New instance of RealEstateAgentController created.
2020-09-23 17:24:08,792 INFO com.realestate.controllers.web.StorageController [main] New instance of StorageController created.
2020-09-23 17:24:10,193 INFO org.springframework.security.web.DefaultSecurityFilterChain [main] Creating filter chain: any request, [org.springframework.security.web.context.request.async.WebAsyncManagerIntegrationFilter@7e92e9a2, org.springframework.security.web.context.SecurityContextPersistenceFilter@44b5b54, org.springframework.security.web.header.HeaderWriterFilter@47a90d2a, org.springframework.security.web.authentication.logout.LogoutFilter@7c4697fc, com.realestate.security.jwt.JwtUsernameAndPasswordAuthenticationFilter@c0a8787, com.realestate.security.jwt.JwtTokenVerifier@65cf8da0, org.springframework.security.web.savedrequest.RequestCacheAwareFilter@69862a1, org.springframework.security.web.servletapi.SecurityContextHolderAwareRequestFilter@3c1ef806, org.springframework.security.web.authentication.AnonymousAuthenticationFilter@823f978, org.springframework.security.web.session.SessionManagementFilter@1ae26c59, org.springframework.security.web.access.ExceptionTranslationFilter@20843604, org.springframework.security.web.access.intercept.FilterSecurityInterceptor@4e23ddf0]
2020-09-23 17:24:11,369 INFO org.springframework.boot.autoconfigure.h2.H2ConsoleAutoConfiguration [main] H2 console available at '/h2-console'. Database available at 'jdbc:h2:mem:testdb'
2020-09-23 17:24:12,744 INFO org.hibernate.engine.transaction.jta.platform.internal.JtaPlatformInitiator [task-1] HHH000490: Using JtaPlatform implementation: [org.hibernate.engine.transaction.jta.platform.internal.NoJtaPlatform]
2020-09-23 17:24:13,112 INFO org.springframework.orm.jpa.AbstractEntityManagerFactoryBean [task-1] Initialized JPA EntityManagerFactory for persistence unit 'default'
2020-09-23 17:24:14,829 INFO org.springframework.data.repository.config.DeferredRepositoryInitializationListener [main] Triggering deferred initialization of Spring Data repositories…
2020-09-23 17:24:16,726 INFO org.springframework.data.repository.config.DeferredRepositoryInitializationListener [main] Spring Data repositories initialized!
2020-09-23 17:24:17,251 INFO org.springframework.boot.StartupInfoLogger [main] Started MmSpringbootApplicationTests in 15.878 seconds (JVM running for 32.081)
2020-09-23 17:24:17,420 INFO org.springframework.orm.jpa.AbstractEntityManagerFactoryBean [SpringContextShutdownHook] Closing JPA EntityManagerFactory for persistence unit 'default'
2020-09-23 17:24:17,423 INFO org.hibernate.tool.schema.internal.SchemaDropperImpl$DelayedDropActionImpl [SpringContextShutdownHook] HHH000477: Starting delayed evictData of schema as part of SessionFactory shut-down'
2020-09-23 17:24:17,431 WARN org.hibernate.engine.jdbc.spi.SqlExceptionHelper [SpringContextShutdownHook] SQL Error: 90121, SQLState: 90121
2020-09-23 17:24:17,433 ERROR org.hibernate.engine.jdbc.spi.SqlExceptionHelper [SpringContextShutdownHook] Database is already closed (to disable automatic closing at VM shutdown, add ";DB_CLOSE_ON_EXIT=FALSE" to the db URL) [90121-200]
2020-09-23 17:24:17,435 WARN org.hibernate.engine.jdbc.spi.SqlExceptionHelper [SpringContextShutdownHook] SQL Error: 90121, SQLState: 90121
2020-09-23 17:24:17,437 ERROR org.hibernate.engine.jdbc.spi.SqlExceptionHelper [SpringContextShutdownHook] Database is already closed (to disable automatic closing at VM shutdown, add ";DB_CLOSE_ON_EXIT=FALSE" to the db URL) [90121-200]
2020-09-23 17:24:17,438 WARN org.springframework.beans.factory.support.DisposableBeanAdapter [SpringContextShutdownHook] Invocation of destroy method failed on bean with name 'entityManagerFactory': org.hibernate.exception.JDBCConnectionException: Unable to release JDBC Connection used for DDL execution
2020-09-23 17:24:17,440 INFO org.springframework.scheduling.concurrent.ExecutorConfigurationSupport [SpringContextShutdownHook] Shutting down ExecutorService 'applicationTaskExecutor'
2020-09-23 17:24:17,442 INFO com.zaxxer.hikari.HikariDataSource [SpringContextShutdownHook] HikariPool-1 - Shutdown initiated...
2020-09-23 17:24:17,457 INFO com.zaxxer.hikari.HikariDataSource [SpringContextShutdownHook] HikariPool-1 - Shutdown completed.
