2020-09-08 16:51:23,444 INFO org.springframework.boot.StartupInfoLogger [main] Starting MmSpringbootApplicationTests on dell-Inspiron-3576 with PID 4580 (started by andrew in /home/andrew/IdeaProjects/mm-springboot/application)
2020-09-08 16:51:23,446 INFO org.springframework.boot.SpringApplication [main] No active profile set, falling back to default profiles: default
2020-09-08 16:51:23,947 INFO org.springframework.data.repository.config.RepositoryConfigurationDelegate [main] Bootstrapping Spring Data JPA repositories in DEFERRED mode.
2020-09-08 16:51:24,025 INFO org.springframework.data.repository.config.RepositoryConfigurationDelegate [main] Finished Spring Data repository scanning in 72ms. Found 9 JPA repository interfaces.
2020-09-08 16:51:24,477 INFO org.springframework.scheduling.concurrent.ExecutorConfigurationSupport [main] Initializing ExecutorService 'applicationTaskExecutor'
2020-09-08 16:51:24,491 INFO com.zaxxer.hikari.HikariDataSource [main] HikariPool-1 - Starting...
2020-09-08 16:51:24,651 INFO com.zaxxer.hikari.HikariDataSource [main] HikariPool-1 - Start completed.
2020-09-08 16:51:24,708 INFO com.realestate.bootstrap.FacilityImageBootstrap [main] New instance of FacilityImageBootstrap created.
2020-09-08 16:51:24,711 INFO com.realestate.bootstrap.RealEstateAgensyBootstrap [main] New instance of RealEstateAgensyBootstrap created.
2020-09-08 16:51:24,715 INFO org.hibernate.jpa.internal.util.LogHelper [task-1] HHH000204: Processing PersistenceUnitInfo [name: default]
2020-09-08 16:51:24,723 INFO com.realestate.service.implementation.AddressServiceImpl [main] New instance of AddressServiceImpl created
2020-09-08 16:51:24,762 INFO com.realestate.service.implementation.ApartmentServiceImpl [main] New instance of ApartmentServiceImpl created
2020-09-08 16:51:24,782 INFO org.hibernate.Version [task-1] HHH000412: Hibernate ORM core version 5.4.20.Final
2020-09-08 16:51:24,785 INFO com.realestate.service.implementation.BasementServiceImpl [main] New instance of BasementServiceImpl created
2020-09-08 16:51:24,808 INFO com.realestate.service.implementation.ClientServiceImpl [main] New instance of ClientServiceImpl created
2020-09-08 16:51:24,826 INFO org.hibernate.annotations.common.reflection.java.JavaReflectionManager [task-1] HCANN000001: Hibernate Commons Annotations {5.1.0.Final}
2020-09-08 16:51:24,829 INFO com.realestate.service.implementation.GarageServiceImpl [main] New instance of GarageServiceImpl created
2020-09-08 16:51:24,848 INFO com.realestate.service.implementation.HouseServiceImpl [main] New instance of HouseServiceImpl created
2020-09-08 16:51:24,864 INFO com.realestate.service.implementation.RealEstateAgentServiceImpl [main] New instance of RealEstateAgentServiceImpl created
2020-09-08 16:51:24,885 INFO com.realestate.service.implementation.StorageServiceImpl [main] New instance of StorageServiceImpl created
2020-09-08 16:51:24,895 INFO com.realestate.controllers.web.AddressController [main] New instance of AddressController created.
2020-09-08 16:51:24,897 INFO com.realestate.controllers.web.ApartmentController [main] New instance of ApartmentController created.
2020-09-08 16:51:24,899 INFO com.realestate.controllers.web.BasementController [main] New instance of BasementController created.
2020-09-08 16:51:24,902 INFO com.realestate.controllers.web.ClientController [main] New instance of ClientController created.
2020-09-08 16:51:24,906 INFO com.realestate.service.implementation.FacilityServiceImpl [main] New instance of FacilityServiceImpl created
2020-09-08 16:51:24,910 INFO com.realestate.service.implementation.MappingServiceImpl [main] New instance of MappingServiceImpl created
2020-09-08 16:51:24,913 INFO com.realestate.controllers.web.FacilityController [main] New instance of FacilityController created.
2020-09-08 16:51:24,916 INFO com.realestate.controllers.web.GarageController [main] New instance of GarageController created.
2020-09-08 16:51:24,919 INFO com.realestate.controllers.web.HouseController [main] New instance of HouseController created.
2020-09-08 16:51:24,921 INFO com.realestate.controllers.web.RealEstateAgentController [main] New instance of RealEstateAgentController created.
2020-09-08 16:51:24,924 INFO com.realestate.controllers.web.StorageController [main] New instance of StorageController created.
2020-09-08 16:51:24,991 INFO org.hibernate.dialect.Dialect [task-1] HHH000400: Using dialect: org.hibernate.dialect.H2Dialect
2020-09-08 16:51:25,328 INFO org.springframework.boot.autoconfigure.h2.H2ConsoleAutoConfiguration [main] H2 console available at '/h2-console'. Database available at 'jdbc:h2:mem:testdb'
2020-09-08 16:51:25,598 INFO org.springframework.boot.autoconfigure.security.servlet.UserDetailsServiceAutoConfiguration [main] 

Using generated security password: f57d8b41-3a61-46b9-86fe-e3aee09c4241

2020-09-08 16:51:25,725 INFO org.springframework.security.web.DefaultSecurityFilterChain [main] Creating filter chain: any request, [org.springframework.security.web.context.request.async.WebAsyncManagerIntegrationFilter@70d24586, org.springframework.security.web.context.SecurityContextPersistenceFilter@71d0ad00, org.springframework.security.web.header.HeaderWriterFilter@3b45a3e6, org.springframework.security.web.csrf.CsrfFilter@706dee4, org.springframework.security.web.authentication.logout.LogoutFilter@3e7940b3, org.springframework.security.web.authentication.UsernamePasswordAuthenticationFilter@6bbff652, org.springframework.security.web.authentication.ui.DefaultLoginPageGeneratingFilter@5a6f1342, org.springframework.security.web.authentication.ui.DefaultLogoutPageGeneratingFilter@58e9e852, org.springframework.security.web.authentication.www.BasicAuthenticationFilter@3fbf66e7, org.springframework.security.web.savedrequest.RequestCacheAwareFilter@2c34ce24, org.springframework.security.web.servletapi.SecurityContextHolderAwareRequestFilter@6a35cccf, org.springframework.security.web.authentication.AnonymousAuthenticationFilter@52238861, org.springframework.security.web.session.SessionManagementFilter@747476f1, org.springframework.security.web.access.ExceptionTranslationFilter@1c0ec502, org.springframework.security.web.access.intercept.FilterSecurityInterceptor@5220e6ff]
2020-09-08 16:51:25,783 INFO org.springframework.data.repository.config.DeferredRepositoryInitializationListener [main] Triggering deferred initialization of Spring Data repositories…
2020-09-08 16:51:25,825 INFO org.hibernate.engine.transaction.jta.platform.internal.JtaPlatformInitiator [task-1] HHH000490: Using JtaPlatform implementation: [org.hibernate.engine.transaction.jta.platform.internal.NoJtaPlatform]
2020-09-08 16:51:25,833 INFO org.springframework.orm.jpa.AbstractEntityManagerFactoryBean [task-1] Initialized JPA EntityManagerFactory for persistence unit 'default'
2020-09-08 16:51:26,317 INFO org.springframework.data.repository.config.DeferredRepositoryInitializationListener [main] Spring Data repositories initialized!
2020-09-08 16:51:26,432 INFO org.springframework.boot.StartupInfoLogger [main] Started MmSpringbootApplicationTests in 3.273 seconds (JVM running for 6.794)
2020-09-08 16:51:26,458 INFO org.springframework.orm.jpa.AbstractEntityManagerFactoryBean [SpringContextShutdownHook] Closing JPA EntityManagerFactory for persistence unit 'default'
2020-09-08 16:51:26,458 INFO org.hibernate.tool.schema.internal.SchemaDropperImpl$DelayedDropActionImpl [SpringContextShutdownHook] HHH000477: Starting delayed evictData of schema as part of SessionFactory shut-down'
2020-09-08 16:51:26,459 WARN org.hibernate.engine.jdbc.spi.SqlExceptionHelper [SpringContextShutdownHook] SQL Error: 90121, SQLState: 90121
2020-09-08 16:51:26,459 ERROR org.hibernate.engine.jdbc.spi.SqlExceptionHelper [SpringContextShutdownHook] Database is already closed (to disable automatic closing at VM shutdown, add ";DB_CLOSE_ON_EXIT=FALSE" to the db URL) [90121-200]
2020-09-08 16:51:26,460 WARN org.hibernate.engine.jdbc.spi.SqlExceptionHelper [SpringContextShutdownHook] SQL Error: 90121, SQLState: 90121
2020-09-08 16:51:26,460 ERROR org.hibernate.engine.jdbc.spi.SqlExceptionHelper [SpringContextShutdownHook] Database is already closed (to disable automatic closing at VM shutdown, add ";DB_CLOSE_ON_EXIT=FALSE" to the db URL) [90121-200]
2020-09-08 16:51:26,460 WARN org.springframework.beans.factory.support.DisposableBeanAdapter [SpringContextShutdownHook] Invocation of destroy method failed on bean with name 'entityManagerFactory': org.hibernate.exception.JDBCConnectionException: Unable to release JDBC Connection used for DDL execution
2020-09-08 16:51:26,460 INFO org.springframework.scheduling.concurrent.ExecutorConfigurationSupport [SpringContextShutdownHook] Shutting down ExecutorService 'applicationTaskExecutor'
2020-09-08 16:51:26,461 INFO com.zaxxer.hikari.HikariDataSource [SpringContextShutdownHook] HikariPool-1 - Shutdown initiated...
2020-09-08 16:51:26,465 INFO com.zaxxer.hikari.HikariDataSource [SpringContextShutdownHook] HikariPool-1 - Shutdown completed.
