2020-09-15 08:47:48,919 INFO org.hibernate.validator.internal.util.Version [background-preinit] HV000001: Hibernate Validator 6.1.5.Final
2020-09-15 08:47:48,961 INFO org.springframework.boot.StartupInfoLogger [restartedMain] Starting MmSpringbootApplication on dell-Inspiron-3576 with PID 15580 (/home/andrew/IdeaProjects/mm-springboot/application/target/classes started by andrew in /home/andrew/IdeaProjects/mm-springboot)
2020-09-15 08:47:48,962 INFO org.springframework.boot.SpringApplication [restartedMain] No active profile set, falling back to default profiles: default
2020-09-15 08:47:48,999 INFO org.springframework.boot.logging.DeferredLog [restartedMain] Devtools property defaults active! Set 'spring.devtools.add-properties' to 'false' to disable
2020-09-15 08:47:49,000 INFO org.springframework.boot.logging.DeferredLog [restartedMain] For additional web related logging consider setting the 'logging.level.web' property to 'DEBUG'
2020-09-15 08:47:49,618 INFO org.springframework.data.repository.config.RepositoryConfigurationDelegate [restartedMain] Bootstrapping Spring Data JPA repositories in DEFERRED mode.
2020-09-15 08:47:49,702 INFO org.springframework.data.repository.config.RepositoryConfigurationDelegate [restartedMain] Finished Spring Data repository scanning in 78ms. Found 9 JPA repository interfaces.
2020-09-15 08:47:50,143 INFO org.springframework.boot.web.embedded.tomcat.TomcatWebServer [restartedMain] Tomcat initialized with port(s): 8080 (http)
2020-09-15 08:47:50,148 INFO org.apache.juli.logging.DirectJDKLog [restartedMain] Initializing ProtocolHandler ["http-nio-8080"]
2020-09-15 08:47:50,149 INFO org.apache.juli.logging.DirectJDKLog [restartedMain] Starting service [Tomcat]
2020-09-15 08:47:50,149 INFO org.apache.juli.logging.DirectJDKLog [restartedMain] Starting Servlet engine: [Apache Tomcat/9.0.37]
2020-09-15 08:47:50,196 INFO org.apache.juli.logging.DirectJDKLog [restartedMain] Initializing Spring embedded WebApplicationContext
2020-09-15 08:47:50,196 INFO org.springframework.boot.web.servlet.context.ServletWebServerApplicationContext [restartedMain] Root WebApplicationContext: initialization completed in 1196 ms
2020-09-15 08:47:50,228 INFO com.zaxxer.hikari.HikariDataSource [restartedMain] HikariPool-1 - Starting...
2020-09-15 08:47:50,329 INFO com.zaxxer.hikari.HikariDataSource [restartedMain] HikariPool-1 - Start completed.
2020-09-15 08:47:50,333 INFO org.springframework.boot.autoconfigure.h2.H2ConsoleAutoConfiguration [restartedMain] H2 console available at '/h2-console'. Database available at 'jdbc:h2:mem:testdb'
2020-09-15 08:47:50,456 INFO org.springframework.scheduling.concurrent.ExecutorConfigurationSupport [restartedMain] Initializing ExecutorService 'applicationTaskExecutor'
2020-09-15 08:47:50,494 INFO com.realestate.bootstrap.FacilityImageBootstrap [restartedMain] New instance of FacilityImageBootstrap created.
2020-09-15 08:47:50,496 INFO com.realestate.bootstrap.RealEstateAgensyBootstrap [restartedMain] New instance of RealEstateAgensyBootstrap created.
2020-09-15 08:47:50,498 INFO org.hibernate.jpa.internal.util.LogHelper [task-1] HHH000204: Processing PersistenceUnitInfo [name: default]
2020-09-15 08:47:50,527 INFO com.realestate.service.implementation.AddressServiceImpl [restartedMain] New instance of AddressServiceImpl created
2020-09-15 08:47:50,577 INFO com.realestate.service.implementation.ApartmentServiceImpl [restartedMain] New instance of ApartmentServiceImpl created
2020-09-15 08:47:50,589 INFO com.realestate.service.implementation.BasementServiceImpl [restartedMain] New instance of BasementServiceImpl created
2020-09-15 08:47:50,592 INFO org.hibernate.Version [task-1] HHH000412: Hibernate ORM core version 5.4.20.Final
2020-09-15 08:47:50,599 INFO com.realestate.service.implementation.ClientServiceImpl [restartedMain] New instance of ClientServiceImpl created
2020-09-15 08:47:50,607 INFO com.realestate.service.implementation.GarageServiceImpl [restartedMain] New instance of GarageServiceImpl created
2020-09-15 08:47:50,617 INFO com.realestate.service.implementation.HouseServiceImpl [restartedMain] New instance of HouseServiceImpl created
2020-09-15 08:47:50,624 INFO com.realestate.service.implementation.RealEstateAgentServiceImpl [restartedMain] New instance of RealEstateAgentServiceImpl created
2020-09-15 08:47:50,640 INFO com.realestate.service.implementation.StorageServiceImpl [restartedMain] New instance of StorageServiceImpl created
2020-09-15 08:47:50,644 INFO com.realestate.controllers.web.AddressController [restartedMain] New instance of AddressController created.
2020-09-15 08:47:50,645 INFO com.realestate.controllers.web.ApartmentController [restartedMain] New instance of ApartmentController created.
2020-09-15 08:47:50,646 INFO com.realestate.controllers.web.BasementController [restartedMain] New instance of BasementController created.
2020-09-15 08:47:50,647 INFO com.realestate.controllers.web.ClientController [restartedMain] New instance of ClientController created.
2020-09-15 08:47:50,649 INFO com.realestate.service.implementation.FacilityServiceImpl [restartedMain] New instance of FacilityServiceImpl created
2020-09-15 08:47:50,650 INFO com.realestate.service.implementation.MappingServiceImpl [restartedMain] New instance of MappingServiceImpl created
2020-09-15 08:47:50,651 INFO com.realestate.controllers.web.FacilityController [restartedMain] New instance of FacilityController created.
2020-09-15 08:47:50,652 INFO com.realestate.controllers.web.GarageController [restartedMain] New instance of GarageController created.
2020-09-15 08:47:50,652 INFO com.realestate.controllers.web.HouseController [restartedMain] New instance of HouseController created.
2020-09-15 08:47:50,653 INFO com.realestate.controllers.web.RealEstateAgentController [restartedMain] New instance of RealEstateAgentController created.
2020-09-15 08:47:50,654 INFO com.realestate.controllers.web.StorageController [restartedMain] New instance of StorageController created.
2020-09-15 08:47:50,737 INFO org.hibernate.annotations.common.reflection.java.JavaReflectionManager [task-1] HCANN000001: Hibernate Commons Annotations {5.1.0.Final}
2020-09-15 08:47:50,830 INFO org.hibernate.dialect.Dialect [task-1] HHH000400: Using dialect: org.hibernate.dialect.H2Dialect
2020-09-15 08:47:50,873 INFO org.springframework.security.web.DefaultSecurityFilterChain [restartedMain] Creating filter chain: any request, [org.springframework.security.web.context.request.async.WebAsyncManagerIntegrationFilter@222fff12, org.springframework.security.web.context.SecurityContextPersistenceFilter@1a2ae970, org.springframework.security.web.header.HeaderWriterFilter@2cf6a65a, org.springframework.security.web.authentication.logout.LogoutFilter@24dd1524, com.realestate.security.jwt.JwtUsernameAndPasswordAuthenticationFilter@37e6e658, com.realestate.security.jwt.JwtTokenVerifier@34f7ae61, org.springframework.security.web.savedrequest.RequestCacheAwareFilter@128de902, org.springframework.security.web.servletapi.SecurityContextHolderAwareRequestFilter@156fbf34, org.springframework.security.web.authentication.AnonymousAuthenticationFilter@12e0fb82, org.springframework.security.web.session.SessionManagementFilter@7fadf39, org.springframework.security.web.access.ExceptionTranslationFilter@6195da4c, org.springframework.security.web.access.intercept.FilterSecurityInterceptor@7439af2]
2020-09-15 08:47:51,157 INFO org.springframework.boot.devtools.autoconfigure.OptionalLiveReloadServer [restartedMain] LiveReload server is running on port 35729
2020-09-15 08:47:51,169 INFO org.apache.juli.logging.DirectJDKLog [restartedMain] Starting ProtocolHandler ["http-nio-8080"]
2020-09-15 08:47:51,184 INFO org.springframework.boot.web.embedded.tomcat.TomcatWebServer [restartedMain] Tomcat started on port(s): 8080 (http) with context path ''
2020-09-15 08:47:51,186 INFO org.springframework.data.repository.config.DeferredRepositoryInitializationListener [restartedMain] Triggering deferred initialization of Spring Data repositories…
2020-09-15 08:47:51,539 INFO org.hibernate.engine.transaction.jta.platform.internal.JtaPlatformInitiator [task-1] HHH000490: Using JtaPlatform implementation: [org.hibernate.engine.transaction.jta.platform.internal.NoJtaPlatform]
2020-09-15 08:47:51,544 INFO org.springframework.orm.jpa.AbstractEntityManagerFactoryBean [task-1] Initialized JPA EntityManagerFactory for persistence unit 'default'
2020-09-15 08:47:51,918 INFO org.springframework.data.repository.config.DeferredRepositoryInitializationListener [restartedMain] Spring Data repositories initialized!
2020-09-15 08:47:52,082 INFO org.springframework.boot.StartupInfoLogger [restartedMain] Started MmSpringbootApplication in 3.489 seconds (JVM running for 5.039)
2020-09-15 08:52:36,013 INFO org.apache.juli.logging.DirectJDKLog [http-nio-8080-exec-2] Initializing Spring DispatcherServlet 'dispatcherServlet'
2020-09-15 08:52:36,014 INFO org.springframework.web.servlet.FrameworkServlet [http-nio-8080-exec-2] Initializing Servlet 'dispatcherServlet'
2020-09-15 08:52:36,018 INFO org.springframework.web.servlet.FrameworkServlet [http-nio-8080-exec-2] Completed initialization in 4 ms
2020-09-15 08:54:45,755 WARN com.zaxxer.hikari.pool.HikariPool$HouseKeeper [HikariPool-1 housekeeper] HikariPool-1 - Thread starvation or clock leap detected (housekeeper delta=55s321ms15µs855ns).
2020-09-15 08:58:07,499 WARN com.zaxxer.hikari.pool.HikariPool$HouseKeeper [HikariPool-1 housekeeper] HikariPool-1 - Thread starvation or clock leap detected (housekeeper delta=1m450ms553µs533ns).
2020-09-15 09:04:15,833 INFO org.springframework.orm.jpa.AbstractEntityManagerFactoryBean [SpringContextShutdownHook] Closing JPA EntityManagerFactory for persistence unit 'default'
2020-09-15 09:04:15,834 INFO org.hibernate.tool.schema.internal.SchemaDropperImpl$DelayedDropActionImpl [SpringContextShutdownHook] HHH000477: Starting delayed evictData of schema as part of SessionFactory shut-down'
2020-09-15 09:04:15,842 INFO org.springframework.scheduling.concurrent.ExecutorConfigurationSupport [SpringContextShutdownHook] Shutting down ExecutorService 'applicationTaskExecutor'
2020-09-15 09:04:16,050 WARN org.springframework.beans.factory.support.DisposableBeanAdapter [SpringContextShutdownHook] Invocation of destroy method failed on bean with name 'inMemoryDatabaseShutdownExecutor': org.h2.jdbc.JdbcSQLNonTransientConnectionException: Database is already closed (to disable automatic closing at VM shutdown, add ";DB_CLOSE_ON_EXIT=FALSE" to the db URL) [90121-200]
2020-09-15 09:04:16,053 INFO com.zaxxer.hikari.HikariDataSource [SpringContextShutdownHook] HikariPool-1 - Shutdown initiated...
2020-09-15 09:04:16,066 INFO com.zaxxer.hikari.HikariDataSource [SpringContextShutdownHook] HikariPool-1 - Shutdown completed.
2020-09-15 09:08:51,205 INFO org.hibernate.validator.internal.util.Version [background-preinit] HV000001: Hibernate Validator 6.1.5.Final
2020-09-15 09:08:51,236 INFO org.springframework.boot.StartupInfoLogger [restartedMain] Starting MmSpringbootApplication on dell-Inspiron-3576 with PID 16721 (/home/andrew/IdeaProjects/mm-springboot/application/target/classes started by andrew in /home/andrew/IdeaProjects/mm-springboot)
2020-09-15 09:08:51,240 INFO org.springframework.boot.SpringApplication [restartedMain] No active profile set, falling back to default profiles: default
2020-09-15 09:08:51,299 INFO org.springframework.boot.logging.DeferredLog [restartedMain] Devtools property defaults active! Set 'spring.devtools.add-properties' to 'false' to disable
2020-09-15 09:08:51,299 INFO org.springframework.boot.logging.DeferredLog [restartedMain] For additional web related logging consider setting the 'logging.level.web' property to 'DEBUG'
2020-09-15 09:08:51,843 INFO org.springframework.data.repository.config.RepositoryConfigurationDelegate [restartedMain] Bootstrapping Spring Data JPA repositories in DEFERRED mode.
2020-09-15 09:08:51,927 INFO org.springframework.data.repository.config.RepositoryConfigurationDelegate [restartedMain] Finished Spring Data repository scanning in 78ms. Found 9 JPA repository interfaces.
2020-09-15 09:08:52,315 INFO org.springframework.boot.web.embedded.tomcat.TomcatWebServer [restartedMain] Tomcat initialized with port(s): 8080 (http)
2020-09-15 09:08:52,320 INFO org.apache.juli.logging.DirectJDKLog [restartedMain] Initializing ProtocolHandler ["http-nio-8080"]
2020-09-15 09:08:52,321 INFO org.apache.juli.logging.DirectJDKLog [restartedMain] Starting service [Tomcat]
2020-09-15 09:08:52,321 INFO org.apache.juli.logging.DirectJDKLog [restartedMain] Starting Servlet engine: [Apache Tomcat/9.0.37]
2020-09-15 09:08:52,368 INFO org.apache.juli.logging.DirectJDKLog [restartedMain] Initializing Spring embedded WebApplicationContext
2020-09-15 09:08:52,368 INFO org.springframework.boot.web.servlet.context.ServletWebServerApplicationContext [restartedMain] Root WebApplicationContext: initialization completed in 1068 ms
2020-09-15 09:08:52,411 INFO com.zaxxer.hikari.HikariDataSource [restartedMain] HikariPool-1 - Starting...
2020-09-15 09:08:52,476 INFO com.zaxxer.hikari.HikariDataSource [restartedMain] HikariPool-1 - Start completed.
2020-09-15 09:08:52,480 INFO org.springframework.boot.autoconfigure.h2.H2ConsoleAutoConfiguration [restartedMain] H2 console available at '/h2-console'. Database available at 'jdbc:h2:mem:testdb'
2020-09-15 09:08:52,554 INFO org.springframework.scheduling.concurrent.ExecutorConfigurationSupport [restartedMain] Initializing ExecutorService 'applicationTaskExecutor'
2020-09-15 09:08:52,587 INFO com.realestate.bootstrap.FacilityImageBootstrap [restartedMain] New instance of FacilityImageBootstrap created.
2020-09-15 09:08:52,588 INFO org.hibernate.jpa.internal.util.LogHelper [task-1] HHH000204: Processing PersistenceUnitInfo [name: default]
2020-09-15 09:08:52,588 INFO com.realestate.bootstrap.RealEstateAgensyBootstrap [restartedMain] New instance of RealEstateAgensyBootstrap created.
2020-09-15 09:08:52,612 INFO com.realestate.service.implementation.AddressServiceImpl [restartedMain] New instance of AddressServiceImpl created
2020-09-15 09:08:52,647 INFO org.hibernate.Version [task-1] HHH000412: Hibernate ORM core version 5.4.20.Final
2020-09-15 09:08:52,651 INFO com.realestate.service.implementation.ApartmentServiceImpl [restartedMain] New instance of ApartmentServiceImpl created
2020-09-15 09:08:52,659 INFO com.realestate.service.implementation.BasementServiceImpl [restartedMain] New instance of BasementServiceImpl created
2020-09-15 09:08:52,668 INFO com.realestate.service.implementation.ClientServiceImpl [restartedMain] New instance of ClientServiceImpl created
2020-09-15 09:08:52,675 INFO com.realestate.service.implementation.GarageServiceImpl [restartedMain] New instance of GarageServiceImpl created
2020-09-15 09:08:52,682 INFO com.realestate.service.implementation.HouseServiceImpl [restartedMain] New instance of HouseServiceImpl created
2020-09-15 09:08:52,688 INFO com.realestate.service.implementation.RealEstateAgentServiceImpl [restartedMain] New instance of RealEstateAgentServiceImpl created
2020-09-15 09:08:52,699 INFO com.realestate.service.implementation.StorageServiceImpl [restartedMain] New instance of StorageServiceImpl created
2020-09-15 09:08:52,703 INFO com.realestate.controllers.web.AddressController [restartedMain] New instance of AddressController created.
2020-09-15 09:08:52,704 INFO com.realestate.controllers.web.ApartmentController [restartedMain] New instance of ApartmentController created.
2020-09-15 09:08:52,704 INFO com.realestate.controllers.web.BasementController [restartedMain] New instance of BasementController created.
2020-09-15 09:08:52,705 INFO com.realestate.controllers.web.ClientController [restartedMain] New instance of ClientController created.
2020-09-15 09:08:52,707 INFO com.realestate.service.implementation.FacilityServiceImpl [restartedMain] New instance of FacilityServiceImpl created
2020-09-15 09:08:52,708 INFO com.realestate.service.implementation.MappingServiceImpl [restartedMain] New instance of MappingServiceImpl created
2020-09-15 09:08:52,709 INFO com.realestate.controllers.web.FacilityController [restartedMain] New instance of FacilityController created.
2020-09-15 09:08:52,710 INFO com.realestate.controllers.web.GarageController [restartedMain] New instance of GarageController created.
2020-09-15 09:08:52,710 INFO com.realestate.controllers.web.HouseController [restartedMain] New instance of HouseController created.
2020-09-15 09:08:52,711 INFO com.realestate.controllers.web.RealEstateAgentController [restartedMain] New instance of RealEstateAgentController created.
2020-09-15 09:08:52,712 INFO com.realestate.controllers.web.StorageController [restartedMain] New instance of StorageController created.
2020-09-15 09:08:52,727 INFO org.hibernate.annotations.common.reflection.java.JavaReflectionManager [task-1] HCANN000001: Hibernate Commons Annotations {5.1.0.Final}
2020-09-15 09:08:52,799 INFO org.hibernate.dialect.Dialect [task-1] HHH000400: Using dialect: org.hibernate.dialect.H2Dialect
2020-09-15 09:08:52,869 INFO org.springframework.security.web.DefaultSecurityFilterChain [restartedMain] Creating filter chain: any request, [org.springframework.security.web.context.request.async.WebAsyncManagerIntegrationFilter@5a645116, org.springframework.security.web.context.SecurityContextPersistenceFilter@51b0f62e, org.springframework.security.web.header.HeaderWriterFilter@5b74624d, org.springframework.security.web.authentication.logout.LogoutFilter@371c042e, com.realestate.security.jwt.JwtUsernameAndPasswordAuthenticationFilter@6169c2bd, com.realestate.security.jwt.JwtTokenVerifier@76efd8fe, org.springframework.security.web.savedrequest.RequestCacheAwareFilter@2eebb858, org.springframework.security.web.servletapi.SecurityContextHolderAwareRequestFilter@6eb65f8c, org.springframework.security.web.authentication.AnonymousAuthenticationFilter@592088ce, org.springframework.security.web.session.SessionManagementFilter@1e72a74f, org.springframework.security.web.access.ExceptionTranslationFilter@19bc309f, org.springframework.security.web.access.intercept.FilterSecurityInterceptor@388eb7a]
2020-09-15 09:08:53,122 INFO org.springframework.boot.devtools.autoconfigure.OptionalLiveReloadServer [restartedMain] LiveReload server is running on port 35729
2020-09-15 09:08:53,133 INFO org.apache.juli.logging.DirectJDKLog [restartedMain] Starting ProtocolHandler ["http-nio-8080"]
2020-09-15 09:08:53,147 INFO org.springframework.boot.web.embedded.tomcat.TomcatWebServer [restartedMain] Tomcat started on port(s): 8080 (http) with context path ''
2020-09-15 09:08:53,149 INFO org.springframework.data.repository.config.DeferredRepositoryInitializationListener [restartedMain] Triggering deferred initialization of Spring Data repositories…
2020-09-15 09:08:53,402 INFO org.hibernate.engine.transaction.jta.platform.internal.JtaPlatformInitiator [task-1] HHH000490: Using JtaPlatform implementation: [org.hibernate.engine.transaction.jta.platform.internal.NoJtaPlatform]
2020-09-15 09:08:53,407 INFO org.springframework.orm.jpa.AbstractEntityManagerFactoryBean [task-1] Initialized JPA EntityManagerFactory for persistence unit 'default'
2020-09-15 09:08:53,800 INFO org.springframework.data.repository.config.DeferredRepositoryInitializationListener [restartedMain] Spring Data repositories initialized!
2020-09-15 09:08:53,962 INFO org.springframework.boot.StartupInfoLogger [restartedMain] Started MmSpringbootApplication in 3.132 seconds (JVM running for 3.785)
2020-09-15 09:08:59,774 INFO org.apache.juli.logging.DirectJDKLog [http-nio-8080-exec-2] Initializing Spring DispatcherServlet 'dispatcherServlet'
2020-09-15 09:08:59,774 INFO org.springframework.web.servlet.FrameworkServlet [http-nio-8080-exec-2] Initializing Servlet 'dispatcherServlet'
2020-09-15 09:08:59,779 INFO org.springframework.web.servlet.FrameworkServlet [http-nio-8080-exec-2] Completed initialization in 5 ms
2020-09-15 09:58:24,495 INFO org.springframework.orm.jpa.AbstractEntityManagerFactoryBean [SpringContextShutdownHook] Closing JPA EntityManagerFactory for persistence unit 'default'
2020-09-15 09:58:24,495 INFO org.hibernate.tool.schema.internal.SchemaDropperImpl$DelayedDropActionImpl [SpringContextShutdownHook] HHH000477: Starting delayed evictData of schema as part of SessionFactory shut-down'
2020-09-15 09:58:24,502 INFO org.springframework.scheduling.concurrent.ExecutorConfigurationSupport [SpringContextShutdownHook] Shutting down ExecutorService 'applicationTaskExecutor'
2020-09-15 09:58:24,708 WARN org.springframework.beans.factory.support.DisposableBeanAdapter [SpringContextShutdownHook] Invocation of destroy method failed on bean with name 'inMemoryDatabaseShutdownExecutor': org.h2.jdbc.JdbcSQLNonTransientConnectionException: Database is already closed (to disable automatic closing at VM shutdown, add ";DB_CLOSE_ON_EXIT=FALSE" to the db URL) [90121-200]
2020-09-15 09:58:24,710 INFO com.zaxxer.hikari.HikariDataSource [SpringContextShutdownHook] HikariPool-1 - Shutdown initiated...
2020-09-15 09:58:24,719 INFO com.zaxxer.hikari.HikariDataSource [SpringContextShutdownHook] HikariPool-1 - Shutdown completed.
2020-09-15 15:12:01,609 INFO org.hibernate.validator.internal.util.Version [background-preinit] HV000001: Hibernate Validator 6.1.5.Final
2020-09-15 15:12:01,642 INFO org.springframework.boot.StartupInfoLogger [restartedMain] Starting MmSpringbootApplication on dell-Inspiron-3576 with PID 11403 (/home/andrew/IdeaProjects/mm-springboot/application/target/classes started by andrew in /home/andrew/IdeaProjects/mm-springboot)
2020-09-15 15:12:01,643 INFO org.springframework.boot.SpringApplication [restartedMain] No active profile set, falling back to default profiles: default
2020-09-15 15:12:01,677 INFO org.springframework.boot.logging.DeferredLog [restartedMain] Devtools property defaults active! Set 'spring.devtools.add-properties' to 'false' to disable
2020-09-15 15:12:01,678 INFO org.springframework.boot.logging.DeferredLog [restartedMain] For additional web related logging consider setting the 'logging.level.web' property to 'DEBUG'
2020-09-15 15:12:02,374 INFO org.springframework.data.repository.config.RepositoryConfigurationDelegate [restartedMain] Bootstrapping Spring Data JPA repositories in DEFERRED mode.
2020-09-15 15:12:02,498 INFO org.springframework.data.repository.config.RepositoryConfigurationDelegate [restartedMain] Finished Spring Data repository scanning in 115ms. Found 9 JPA repository interfaces.
2020-09-15 15:12:03,118 INFO org.springframework.boot.web.embedded.tomcat.TomcatWebServer [restartedMain] Tomcat initialized with port(s): 8080 (http)
2020-09-15 15:12:03,125 INFO org.apache.juli.logging.DirectJDKLog [restartedMain] Initializing ProtocolHandler ["http-nio-8080"]
2020-09-15 15:12:03,126 INFO org.apache.juli.logging.DirectJDKLog [restartedMain] Starting service [Tomcat]
2020-09-15 15:12:03,126 INFO org.apache.juli.logging.DirectJDKLog [restartedMain] Starting Servlet engine: [Apache Tomcat/9.0.37]
2020-09-15 15:12:03,190 INFO org.apache.juli.logging.DirectJDKLog [restartedMain] Initializing Spring embedded WebApplicationContext
2020-09-15 15:12:03,190 INFO org.springframework.boot.web.servlet.context.ServletWebServerApplicationContext [restartedMain] Root WebApplicationContext: initialization completed in 1512 ms
2020-09-15 15:12:03,235 INFO com.zaxxer.hikari.HikariDataSource [restartedMain] HikariPool-1 - Starting...
2020-09-15 15:12:03,331 INFO com.zaxxer.hikari.HikariDataSource [restartedMain] HikariPool-1 - Start completed.
2020-09-15 15:12:03,335 INFO org.springframework.boot.autoconfigure.h2.H2ConsoleAutoConfiguration [restartedMain] H2 console available at '/h2-console'. Database available at 'jdbc:h2:mem:testdb'
2020-09-15 15:12:03,420 INFO org.springframework.scheduling.concurrent.ExecutorConfigurationSupport [restartedMain] Initializing ExecutorService 'applicationTaskExecutor'
2020-09-15 15:12:03,459 INFO com.realestate.bootstrap.FacilityImageBootstrap [restartedMain] New instance of FacilityImageBootstrap created.
2020-09-15 15:12:03,460 INFO org.hibernate.jpa.internal.util.LogHelper [task-1] HHH000204: Processing PersistenceUnitInfo [name: default]
2020-09-15 15:12:03,461 INFO com.realestate.bootstrap.RealEstateAgensyBootstrap [restartedMain] New instance of RealEstateAgensyBootstrap created.
2020-09-15 15:12:03,512 INFO com.realestate.service.implementation.AddressServiceImpl [restartedMain] New instance of AddressServiceImpl created
2020-09-15 15:12:03,544 INFO com.realestate.service.implementation.ApartmentServiceImpl [restartedMain] New instance of ApartmentServiceImpl created
2020-09-15 15:12:03,549 INFO org.hibernate.Version [task-1] HHH000412: Hibernate ORM core version 5.4.20.Final
2020-09-15 15:12:03,555 INFO com.realestate.service.implementation.BasementServiceImpl [restartedMain] New instance of BasementServiceImpl created
2020-09-15 15:12:03,567 INFO com.realestate.service.implementation.ClientServiceImpl [restartedMain] New instance of ClientServiceImpl created
2020-09-15 15:12:03,577 INFO com.realestate.service.implementation.GarageServiceImpl [restartedMain] New instance of GarageServiceImpl created
2020-09-15 15:12:03,586 INFO com.realestate.service.implementation.HouseServiceImpl [restartedMain] New instance of HouseServiceImpl created
2020-09-15 15:12:03,595 INFO com.realestate.service.implementation.RealEstateAgentServiceImpl [restartedMain] New instance of RealEstateAgentServiceImpl created
2020-09-15 15:12:03,613 INFO com.realestate.service.implementation.StorageServiceImpl [restartedMain] New instance of StorageServiceImpl created
2020-09-15 15:12:03,620 INFO com.realestate.controllers.web.AddressController [restartedMain] New instance of AddressController created.
2020-09-15 15:12:03,622 INFO com.realestate.controllers.web.ApartmentController [restartedMain] New instance of ApartmentController created.
2020-09-15 15:12:03,623 INFO com.realestate.controllers.web.BasementController [restartedMain] New instance of BasementController created.
2020-09-15 15:12:03,624 INFO com.realestate.controllers.web.ClientController [restartedMain] New instance of ClientController created.
2020-09-15 15:12:03,627 INFO com.realestate.service.implementation.FacilityServiceImpl [restartedMain] New instance of FacilityServiceImpl created
2020-09-15 15:12:03,629 INFO com.realestate.service.implementation.MappingServiceImpl [restartedMain] New instance of MappingServiceImpl created
2020-09-15 15:12:03,630 INFO com.realestate.controllers.web.FacilityController [restartedMain] New instance of FacilityController created.
2020-09-15 15:12:03,631 INFO com.realestate.controllers.web.GarageController [restartedMain] New instance of GarageController created.
2020-09-15 15:12:03,632 INFO com.realestate.controllers.web.HouseController [restartedMain] New instance of HouseController created.
2020-09-15 15:12:03,633 INFO com.realestate.controllers.web.RealEstateAgentController [restartedMain] New instance of RealEstateAgentController created.
2020-09-15 15:12:03,634 INFO com.realestate.controllers.web.StorageController [restartedMain] New instance of StorageController created.
2020-09-15 15:12:03,697 INFO org.hibernate.annotations.common.reflection.java.JavaReflectionManager [task-1] HCANN000001: Hibernate Commons Annotations {5.1.0.Final}
2020-09-15 15:12:03,811 INFO org.hibernate.dialect.Dialect [task-1] HHH000400: Using dialect: org.hibernate.dialect.H2Dialect
2020-09-15 15:12:03,912 INFO org.springframework.security.web.DefaultSecurityFilterChain [restartedMain] Creating filter chain: any request, [org.springframework.security.web.context.request.async.WebAsyncManagerIntegrationFilter@426c147d, org.springframework.security.web.context.SecurityContextPersistenceFilter@127b022e, org.springframework.security.web.header.HeaderWriterFilter@6c31c9b9, org.springframework.security.web.authentication.logout.LogoutFilter@33efc65b, com.realestate.security.jwt.JwtUsernameAndPasswordAuthenticationFilter@712cb893, com.realestate.security.jwt.JwtTokenVerifier@18cc602d, org.springframework.security.web.savedrequest.RequestCacheAwareFilter@5ac79e15, org.springframework.security.web.servletapi.SecurityContextHolderAwareRequestFilter@cfceb49, org.springframework.security.web.authentication.AnonymousAuthenticationFilter@54488fea, org.springframework.security.web.session.SessionManagementFilter@20ea9b1d, org.springframework.security.web.access.ExceptionTranslationFilter@654f839c, org.springframework.security.web.access.intercept.FilterSecurityInterceptor@68dc2be3]
2020-09-15 15:12:04,238 INFO org.springframework.boot.devtools.autoconfigure.OptionalLiveReloadServer [restartedMain] LiveReload server is running on port 35729
2020-09-15 15:12:04,251 INFO org.apache.juli.logging.DirectJDKLog [restartedMain] Starting ProtocolHandler ["http-nio-8080"]
2020-09-15 15:12:04,266 INFO org.springframework.boot.web.embedded.tomcat.TomcatWebServer [restartedMain] Tomcat started on port(s): 8080 (http) with context path ''
2020-09-15 15:12:04,268 INFO org.springframework.data.repository.config.DeferredRepositoryInitializationListener [restartedMain] Triggering deferred initialization of Spring Data repositories…
2020-09-15 15:12:04,565 INFO org.hibernate.engine.transaction.jta.platform.internal.JtaPlatformInitiator [task-1] HHH000490: Using JtaPlatform implementation: [org.hibernate.engine.transaction.jta.platform.internal.NoJtaPlatform]
2020-09-15 15:12:04,570 INFO org.springframework.orm.jpa.AbstractEntityManagerFactoryBean [task-1] Initialized JPA EntityManagerFactory for persistence unit 'default'
2020-09-15 15:12:04,958 INFO org.springframework.data.repository.config.DeferredRepositoryInitializationListener [restartedMain] Spring Data repositories initialized!
2020-09-15 15:12:05,130 INFO org.springframework.boot.StartupInfoLogger [restartedMain] Started MmSpringbootApplication in 3.835 seconds (JVM running for 5.468)
2020-09-15 15:13:50,704 INFO org.apache.juli.logging.DirectJDKLog [http-nio-8080-exec-2] Initializing Spring DispatcherServlet 'dispatcherServlet'
2020-09-15 15:13:50,704 INFO org.springframework.web.servlet.FrameworkServlet [http-nio-8080-exec-2] Initializing Servlet 'dispatcherServlet'
2020-09-15 15:13:50,710 INFO org.springframework.web.servlet.FrameworkServlet [http-nio-8080-exec-2] Completed initialization in 5 ms
2020-09-15 15:19:38,868 INFO org.springframework.orm.jpa.AbstractEntityManagerFactoryBean [SpringContextShutdownHook] Closing JPA EntityManagerFactory for persistence unit 'default'
2020-09-15 15:19:38,869 INFO org.hibernate.tool.schema.internal.SchemaDropperImpl$DelayedDropActionImpl [SpringContextShutdownHook] HHH000477: Starting delayed evictData of schema as part of SessionFactory shut-down'
2020-09-15 15:19:38,874 INFO org.springframework.scheduling.concurrent.ExecutorConfigurationSupport [SpringContextShutdownHook] Shutting down ExecutorService 'applicationTaskExecutor'
2020-09-15 15:19:39,078 WARN org.springframework.beans.factory.support.DisposableBeanAdapter [SpringContextShutdownHook] Invocation of destroy method failed on bean with name 'inMemoryDatabaseShutdownExecutor': org.h2.jdbc.JdbcSQLNonTransientConnectionException: Database is already closed (to disable automatic closing at VM shutdown, add ";DB_CLOSE_ON_EXIT=FALSE" to the db URL) [90121-200]
2020-09-15 15:19:39,079 INFO com.zaxxer.hikari.HikariDataSource [SpringContextShutdownHook] HikariPool-1 - Shutdown initiated...
2020-09-15 15:19:39,085 INFO com.zaxxer.hikari.HikariDataSource [SpringContextShutdownHook] HikariPool-1 - Shutdown completed.
