2020-09-22 17:14:18,297 INFO org.hibernate.validator.internal.util.Version [background-preinit] HV000001: Hibernate Validator 6.1.5.Final
2020-09-22 17:14:18,317 INFO org.springframework.boot.StartupInfoLogger [restartedMain] Starting MmSpringbootApplication on dell-Inspiron-3576 with PID 13804 (/home/andrew/IdeaProjects/mm-springboot/application/target/classes started by andrew in /home/andrew/IdeaProjects/mm-springboot)
2020-09-22 17:14:18,318 INFO org.springframework.boot.SpringApplication [restartedMain] No active profile set, falling back to default profiles: default
2020-09-22 17:14:18,366 INFO org.springframework.boot.logging.DeferredLog [restartedMain] Devtools property defaults active! Set 'spring.devtools.add-properties' to 'false' to disable
2020-09-22 17:14:18,367 INFO org.springframework.boot.logging.DeferredLog [restartedMain] For additional web related logging consider setting the 'logging.level.web' property to 'DEBUG'
2020-09-22 17:14:19,024 INFO org.springframework.data.repository.config.RepositoryConfigurationDelegate [restartedMain] Bootstrapping Spring Data JPA repositories in DEFERRED mode.
2020-09-22 17:14:19,115 INFO org.springframework.data.repository.config.RepositoryConfigurationDelegate [restartedMain] Finished Spring Data repository scanning in 84ms. Found 9 JPA repository interfaces.
2020-09-22 17:14:19,544 INFO org.springframework.boot.web.embedded.tomcat.TomcatWebServer [restartedMain] Tomcat initialized with port(s): 8080 (http)
2020-09-22 17:14:19,549 INFO org.apache.juli.logging.DirectJDKLog [restartedMain] Initializing ProtocolHandler ["http-nio-8080"]
2020-09-22 17:14:19,549 INFO org.apache.juli.logging.DirectJDKLog [restartedMain] Starting service [Tomcat]
2020-09-22 17:14:19,549 INFO org.apache.juli.logging.DirectJDKLog [restartedMain] Starting Servlet engine: [Apache Tomcat/9.0.37]
2020-09-22 17:14:19,616 INFO org.apache.juli.logging.DirectJDKLog [restartedMain] Initializing Spring embedded WebApplicationContext
2020-09-22 17:14:19,616 INFO org.springframework.boot.web.servlet.context.ServletWebServerApplicationContext [restartedMain] Root WebApplicationContext: initialization completed in 1249 ms
2020-09-22 17:14:19,651 INFO com.zaxxer.hikari.HikariDataSource [restartedMain] HikariPool-1 - Starting...
2020-09-22 17:14:19,740 INFO com.zaxxer.hikari.HikariDataSource [restartedMain] HikariPool-1 - Start completed.
2020-09-22 17:14:19,744 INFO org.springframework.boot.autoconfigure.h2.H2ConsoleAutoConfiguration [restartedMain] H2 console available at '/h2-console'. Database available at 'jdbc:h2:mem:testdb'
2020-09-22 17:14:19,850 INFO org.springframework.scheduling.concurrent.ExecutorConfigurationSupport [restartedMain] Initializing ExecutorService 'applicationTaskExecutor'
2020-09-22 17:14:19,889 INFO com.realestate.bootstrap.FacilityImageBootstrap [restartedMain] New instance of FacilityImageBootstrap created.
2020-09-22 17:14:19,890 INFO org.hibernate.jpa.internal.util.LogHelper [task-1] HHH000204: Processing PersistenceUnitInfo [name: default]
2020-09-22 17:14:19,890 INFO com.realestate.bootstrap.RealEstateAgensyBootstrap [restartedMain] New instance of RealEstateAgensyBootstrap created.
2020-09-22 17:14:19,927 INFO com.realestate.service.implementation.AddressServiceImpl [restartedMain] New instance of AddressServiceImpl created
2020-09-22 17:14:19,950 INFO com.realestate.service.implementation.ApartmentServiceImpl [restartedMain] New instance of ApartmentServiceImpl created
2020-09-22 17:14:19,958 INFO com.realestate.service.implementation.BasementServiceImpl [restartedMain] New instance of BasementServiceImpl created
2020-09-22 17:14:19,963 INFO org.hibernate.Version [task-1] HHH000412: Hibernate ORM core version 5.4.20.Final
2020-09-22 17:14:19,967 INFO com.realestate.service.implementation.ClientServiceImpl [restartedMain] New instance of ClientServiceImpl created
2020-09-22 17:14:19,974 INFO com.realestate.service.implementation.GarageServiceImpl [restartedMain] New instance of GarageServiceImpl created
2020-09-22 17:14:19,981 INFO com.realestate.service.implementation.HouseServiceImpl [restartedMain] New instance of HouseServiceImpl created
2020-09-22 17:14:19,987 INFO com.realestate.service.implementation.RealEstateAgentServiceImpl [restartedMain] New instance of RealEstateAgentServiceImpl created
2020-09-22 17:14:19,998 INFO com.realestate.service.implementation.StorageServiceImpl [restartedMain] New instance of StorageServiceImpl created
2020-09-22 17:14:20,002 INFO com.realestate.controllers.web.AddressController [restartedMain] New instance of AddressController created.
2020-09-22 17:14:20,003 INFO com.realestate.controllers.web.ApartmentController [restartedMain] New instance of ApartmentController created.
2020-09-22 17:14:20,004 INFO com.realestate.controllers.web.BasementController [restartedMain] New instance of BasementController created.
2020-09-22 17:14:20,005 INFO com.realestate.controllers.web.ClientController [restartedMain] New instance of ClientController created.
2020-09-22 17:14:20,008 INFO com.realestate.service.implementation.FacilityServiceImpl [restartedMain] New instance of FacilityServiceImpl created
2020-09-22 17:14:20,009 INFO com.realestate.service.implementation.MappingServiceImpl [restartedMain] New instance of MappingServiceImpl created
2020-09-22 17:14:20,010 INFO com.realestate.controllers.web.FacilityController [restartedMain] New instance of FacilityController created.
2020-09-22 17:14:20,010 INFO com.realestate.controllers.web.GarageController [restartedMain] New instance of GarageController created.
2020-09-22 17:14:20,011 INFO com.realestate.controllers.web.HouseController [restartedMain] New instance of HouseController created.
2020-09-22 17:14:20,012 INFO com.realestate.controllers.web.RealEstateAgentController [restartedMain] New instance of RealEstateAgentController created.
2020-09-22 17:14:20,013 INFO com.realestate.controllers.web.StorageController [restartedMain] New instance of StorageController created.
2020-09-22 17:14:20,095 INFO org.hibernate.annotations.common.reflection.java.JavaReflectionManager [task-1] HCANN000001: Hibernate Commons Annotations {5.1.0.Final}
2020-09-22 17:14:20,190 INFO org.hibernate.dialect.Dialect [task-1] HHH000400: Using dialect: org.hibernate.dialect.H2Dialect
2020-09-22 17:14:20,229 INFO org.springframework.security.web.DefaultSecurityFilterChain [restartedMain] Creating filter chain: any request, [org.springframework.security.web.context.request.async.WebAsyncManagerIntegrationFilter@626754a4, org.springframework.security.web.context.SecurityContextPersistenceFilter@12e40415, org.springframework.security.web.header.HeaderWriterFilter@4f550d08, org.springframework.security.web.authentication.logout.LogoutFilter@10306191, com.realestate.security.jwt.JwtUsernameAndPasswordAuthenticationFilter@31402280, com.realestate.security.jwt.JwtTokenVerifier@64dafa1a, org.springframework.security.web.savedrequest.RequestCacheAwareFilter@34236fac, org.springframework.security.web.servletapi.SecurityContextHolderAwareRequestFilter@5d9b9a78, org.springframework.security.web.authentication.AnonymousAuthenticationFilter@3c4378f9, org.springframework.security.web.session.SessionManagementFilter@20fdce62, org.springframework.security.web.access.ExceptionTranslationFilter@100aa278, org.springframework.security.web.access.intercept.FilterSecurityInterceptor@4c394f41]
2020-09-22 17:14:20,514 INFO org.springframework.boot.devtools.autoconfigure.OptionalLiveReloadServer [restartedMain] LiveReload server is running on port 35729
2020-09-22 17:14:20,524 INFO org.apache.juli.logging.DirectJDKLog [restartedMain] Starting ProtocolHandler ["http-nio-8080"]
2020-09-22 17:14:20,536 INFO org.springframework.boot.web.embedded.tomcat.TomcatWebServer [restartedMain] Tomcat started on port(s): 8080 (http) with context path ''
2020-09-22 17:14:20,537 INFO org.springframework.data.repository.config.DeferredRepositoryInitializationListener [restartedMain] Triggering deferred initialization of Spring Data repositories…
2020-09-22 17:14:20,949 INFO org.hibernate.engine.transaction.jta.platform.internal.JtaPlatformInitiator [task-1] HHH000490: Using JtaPlatform implementation: [org.hibernate.engine.transaction.jta.platform.internal.NoJtaPlatform]
2020-09-22 17:14:20,954 INFO org.springframework.orm.jpa.AbstractEntityManagerFactoryBean [task-1] Initialized JPA EntityManagerFactory for persistence unit 'default'
2020-09-22 17:14:21,361 INFO org.springframework.data.repository.config.DeferredRepositoryInitializationListener [restartedMain] Spring Data repositories initialized!
2020-09-22 17:14:21,553 INFO org.springframework.boot.StartupInfoLogger [restartedMain] Started MmSpringbootApplication in 3.593 seconds (JVM running for 5.157)
2020-09-22 17:14:24,169 INFO org.springframework.orm.jpa.AbstractEntityManagerFactoryBean [SpringContextShutdownHook] Closing JPA EntityManagerFactory for persistence unit 'default'
2020-09-22 17:14:24,169 INFO org.hibernate.tool.schema.internal.SchemaDropperImpl$DelayedDropActionImpl [SpringContextShutdownHook] HHH000477: Starting delayed evictData of schema as part of SessionFactory shut-down'
2020-09-22 17:14:24,174 INFO org.springframework.scheduling.concurrent.ExecutorConfigurationSupport [SpringContextShutdownHook] Shutting down ExecutorService 'applicationTaskExecutor'
2020-09-22 17:14:24,379 WARN org.springframework.beans.factory.support.DisposableBeanAdapter [SpringContextShutdownHook] Invocation of destroy method failed on bean with name 'inMemoryDatabaseShutdownExecutor': org.h2.jdbc.JdbcSQLNonTransientConnectionException: Database is already closed (to disable automatic closing at VM shutdown, add ";DB_CLOSE_ON_EXIT=FALSE" to the db URL) [90121-200]
2020-09-22 17:14:24,380 INFO com.zaxxer.hikari.HikariDataSource [SpringContextShutdownHook] HikariPool-1 - Shutdown initiated...
2020-09-22 17:14:24,384 INFO com.zaxxer.hikari.HikariDataSource [SpringContextShutdownHook] HikariPool-1 - Shutdown completed.
2020-09-22 17:14:27,588 INFO org.springframework.boot.StartupInfoLogger [restartedMain] Starting MmSpringbootApplication on dell-Inspiron-3576 with PID 13942 (/home/andrew/IdeaProjects/mm-springboot/application/target/classes started by andrew in /home/andrew/IdeaProjects/mm-springboot)
2020-09-22 17:14:27,590 INFO org.springframework.boot.SpringApplication [restartedMain] No active profile set, falling back to default profiles: default
2020-09-22 17:14:27,592 INFO org.hibernate.validator.internal.util.Version [background-preinit] HV000001: Hibernate Validator 6.1.5.Final
2020-09-22 17:14:27,630 INFO org.springframework.boot.logging.DeferredLog [restartedMain] Devtools property defaults active! Set 'spring.devtools.add-properties' to 'false' to disable
2020-09-22 17:14:27,630 INFO org.springframework.boot.logging.DeferredLog [restartedMain] For additional web related logging consider setting the 'logging.level.web' property to 'DEBUG'
2020-09-22 17:14:28,191 INFO org.springframework.data.repository.config.RepositoryConfigurationDelegate [restartedMain] Bootstrapping Spring Data JPA repositories in DEFERRED mode.
2020-09-22 17:14:28,269 INFO org.springframework.data.repository.config.RepositoryConfigurationDelegate [restartedMain] Finished Spring Data repository scanning in 72ms. Found 9 JPA repository interfaces.
2020-09-22 17:14:28,702 INFO org.springframework.boot.web.embedded.tomcat.TomcatWebServer [restartedMain] Tomcat initialized with port(s): 8080 (http)
2020-09-22 17:14:28,707 INFO org.apache.juli.logging.DirectJDKLog [restartedMain] Initializing ProtocolHandler ["http-nio-8080"]
2020-09-22 17:14:28,708 INFO org.apache.juli.logging.DirectJDKLog [restartedMain] Starting service [Tomcat]
2020-09-22 17:14:28,708 INFO org.apache.juli.logging.DirectJDKLog [restartedMain] Starting Servlet engine: [Apache Tomcat/9.0.37]
2020-09-22 17:14:28,756 INFO org.apache.juli.logging.DirectJDKLog [restartedMain] Initializing Spring embedded WebApplicationContext
2020-09-22 17:14:28,757 INFO org.springframework.boot.web.servlet.context.ServletWebServerApplicationContext [restartedMain] Root WebApplicationContext: initialization completed in 1127 ms
2020-09-22 17:14:28,788 INFO com.zaxxer.hikari.HikariDataSource [restartedMain] HikariPool-1 - Starting...
2020-09-22 17:14:28,851 INFO com.zaxxer.hikari.HikariDataSource [restartedMain] HikariPool-1 - Start completed.
2020-09-22 17:14:28,855 INFO org.springframework.boot.autoconfigure.h2.H2ConsoleAutoConfiguration [restartedMain] H2 console available at '/h2-console'. Database available at 'jdbc:h2:mem:testdb'
2020-09-22 17:14:28,923 INFO org.springframework.scheduling.concurrent.ExecutorConfigurationSupport [restartedMain] Initializing ExecutorService 'applicationTaskExecutor'
2020-09-22 17:14:28,958 INFO org.hibernate.jpa.internal.util.LogHelper [task-1] HHH000204: Processing PersistenceUnitInfo [name: default]
2020-09-22 17:14:28,960 INFO com.realestate.bootstrap.FacilityImageBootstrap [restartedMain] New instance of FacilityImageBootstrap created.
2020-09-22 17:14:28,961 INFO com.realestate.bootstrap.RealEstateAgensyBootstrap [restartedMain] New instance of RealEstateAgensyBootstrap created.
2020-09-22 17:14:29,003 INFO com.realestate.service.implementation.AddressServiceImpl [restartedMain] New instance of AddressServiceImpl created
2020-09-22 17:14:29,021 INFO org.hibernate.Version [task-1] HHH000412: Hibernate ORM core version 5.4.20.Final
2020-09-22 17:14:29,027 INFO com.realestate.service.implementation.ApartmentServiceImpl [restartedMain] New instance of ApartmentServiceImpl created
2020-09-22 17:14:29,035 INFO com.realestate.service.implementation.BasementServiceImpl [restartedMain] New instance of BasementServiceImpl created
2020-09-22 17:14:29,046 INFO com.realestate.service.implementation.ClientServiceImpl [restartedMain] New instance of ClientServiceImpl created
2020-09-22 17:14:29,055 INFO com.realestate.service.implementation.GarageServiceImpl [restartedMain] New instance of GarageServiceImpl created
2020-09-22 17:14:29,064 INFO com.realestate.service.implementation.HouseServiceImpl [restartedMain] New instance of HouseServiceImpl created
2020-09-22 17:14:29,069 INFO com.realestate.service.implementation.RealEstateAgentServiceImpl [restartedMain] New instance of RealEstateAgentServiceImpl created
2020-09-22 17:14:29,080 INFO com.realestate.service.implementation.StorageServiceImpl [restartedMain] New instance of StorageServiceImpl created
2020-09-22 17:14:29,085 INFO com.realestate.controllers.web.AddressController [restartedMain] New instance of AddressController created.
2020-09-22 17:14:29,086 INFO com.realestate.controllers.web.ApartmentController [restartedMain] New instance of ApartmentController created.
2020-09-22 17:14:29,087 INFO com.realestate.controllers.web.BasementController [restartedMain] New instance of BasementController created.
2020-09-22 17:14:29,087 INFO com.realestate.controllers.web.ClientController [restartedMain] New instance of ClientController created.
2020-09-22 17:14:29,089 INFO com.realestate.service.implementation.FacilityServiceImpl [restartedMain] New instance of FacilityServiceImpl created
2020-09-22 17:14:29,091 INFO com.realestate.service.implementation.MappingServiceImpl [restartedMain] New instance of MappingServiceImpl created
2020-09-22 17:14:29,091 INFO com.realestate.controllers.web.FacilityController [restartedMain] New instance of FacilityController created.
2020-09-22 17:14:29,092 INFO com.realestate.controllers.web.GarageController [restartedMain] New instance of GarageController created.
2020-09-22 17:14:29,093 INFO com.realestate.controllers.web.HouseController [restartedMain] New instance of HouseController created.
2020-09-22 17:14:29,093 INFO com.realestate.controllers.web.RealEstateAgentController [restartedMain] New instance of RealEstateAgentController created.
2020-09-22 17:14:29,094 INFO com.realestate.controllers.web.StorageController [restartedMain] New instance of StorageController created.
2020-09-22 17:14:29,104 INFO org.hibernate.annotations.common.reflection.java.JavaReflectionManager [task-1] HCANN000001: Hibernate Commons Annotations {5.1.0.Final}
2020-09-22 17:14:29,179 INFO org.hibernate.dialect.Dialect [task-1] HHH000400: Using dialect: org.hibernate.dialect.H2Dialect
2020-09-22 17:14:29,267 INFO org.springframework.security.web.DefaultSecurityFilterChain [restartedMain] Creating filter chain: any request, [org.springframework.security.web.context.request.async.WebAsyncManagerIntegrationFilter@385f683f, org.springframework.security.web.context.SecurityContextPersistenceFilter@40324458, org.springframework.security.web.header.HeaderWriterFilter@66f512ae, org.springframework.security.web.authentication.logout.LogoutFilter@3aa6185a, com.realestate.security.jwt.JwtUsernameAndPasswordAuthenticationFilter@14e54a08, com.realestate.security.jwt.JwtTokenVerifier@14c874b8, org.springframework.security.web.savedrequest.RequestCacheAwareFilter@5b19174b, org.springframework.security.web.servletapi.SecurityContextHolderAwareRequestFilter@7e03c958, org.springframework.security.web.authentication.AnonymousAuthenticationFilter@7bee5722, org.springframework.security.web.session.SessionManagementFilter@1e8d86dc, org.springframework.security.web.access.ExceptionTranslationFilter@6d58bece, org.springframework.security.web.access.intercept.FilterSecurityInterceptor@7a3b2ea1]
2020-09-22 17:14:29,504 INFO org.springframework.boot.devtools.autoconfigure.OptionalLiveReloadServer [restartedMain] LiveReload server is running on port 35729
2020-09-22 17:14:29,519 INFO org.apache.juli.logging.DirectJDKLog [restartedMain] Starting ProtocolHandler ["http-nio-8080"]
2020-09-22 17:14:29,536 INFO org.springframework.boot.web.embedded.tomcat.TomcatWebServer [restartedMain] Tomcat started on port(s): 8080 (http) with context path ''
2020-09-22 17:14:29,538 INFO org.springframework.data.repository.config.DeferredRepositoryInitializationListener [restartedMain] Triggering deferred initialization of Spring Data repositories…
2020-09-22 17:14:29,790 INFO org.hibernate.engine.transaction.jta.platform.internal.JtaPlatformInitiator [task-1] HHH000490: Using JtaPlatform implementation: [org.hibernate.engine.transaction.jta.platform.internal.NoJtaPlatform]
2020-09-22 17:14:29,795 INFO org.springframework.orm.jpa.AbstractEntityManagerFactoryBean [task-1] Initialized JPA EntityManagerFactory for persistence unit 'default'
2020-09-22 17:14:30,191 INFO org.springframework.data.repository.config.DeferredRepositoryInitializationListener [restartedMain] Spring Data repositories initialized!
2020-09-22 17:14:30,350 INFO org.springframework.boot.StartupInfoLogger [restartedMain] Started MmSpringbootApplication in 3.431 seconds (JVM running for 4.273)
2020-09-22 17:19:19,120 INFO org.springframework.orm.jpa.AbstractEntityManagerFactoryBean [SpringContextShutdownHook] Closing JPA EntityManagerFactory for persistence unit 'default'
2020-09-22 17:19:19,120 INFO org.hibernate.tool.schema.internal.SchemaDropperImpl$DelayedDropActionImpl [SpringContextShutdownHook] HHH000477: Starting delayed evictData of schema as part of SessionFactory shut-down'
2020-09-22 17:19:19,125 INFO org.springframework.scheduling.concurrent.ExecutorConfigurationSupport [SpringContextShutdownHook] Shutting down ExecutorService 'applicationTaskExecutor'
2020-09-22 17:19:19,329 WARN org.springframework.beans.factory.support.DisposableBeanAdapter [SpringContextShutdownHook] Invocation of destroy method failed on bean with name 'inMemoryDatabaseShutdownExecutor': org.h2.jdbc.JdbcSQLNonTransientConnectionException: Database is already closed (to disable automatic closing at VM shutdown, add ";DB_CLOSE_ON_EXIT=FALSE" to the db URL) [90121-200]
2020-09-22 17:19:19,330 INFO com.zaxxer.hikari.HikariDataSource [SpringContextShutdownHook] HikariPool-1 - Shutdown initiated...
2020-09-22 17:19:19,335 INFO com.zaxxer.hikari.HikariDataSource [SpringContextShutdownHook] HikariPool-1 - Shutdown completed.
2020-09-22 17:29:07,142 INFO org.hibernate.validator.internal.util.Version [background-preinit] HV000001: Hibernate Validator 6.1.5.Final
2020-09-22 17:29:07,158 INFO org.springframework.boot.StartupInfoLogger [restartedMain] Starting MmSpringbootApplication on dell-Inspiron-3576 with PID 14510 (/home/andrew/IdeaProjects/mm-springboot/application/target/classes started by andrew in /home/andrew/IdeaProjects/mm-springboot)
2020-09-22 17:29:07,159 INFO org.springframework.boot.SpringApplication [restartedMain] No active profile set, falling back to default profiles: default
2020-09-22 17:29:07,216 INFO org.springframework.boot.logging.DeferredLog [restartedMain] Devtools property defaults active! Set 'spring.devtools.add-properties' to 'false' to disable
2020-09-22 17:29:07,216 INFO org.springframework.boot.logging.DeferredLog [restartedMain] For additional web related logging consider setting the 'logging.level.web' property to 'DEBUG'
2020-09-22 17:29:07,778 INFO org.springframework.data.repository.config.RepositoryConfigurationDelegate [restartedMain] Bootstrapping Spring Data JPA repositories in DEFERRED mode.
2020-09-22 17:29:07,847 INFO org.springframework.data.repository.config.RepositoryConfigurationDelegate [restartedMain] Finished Spring Data repository scanning in 64ms. Found 9 JPA repository interfaces.
2020-09-22 17:29:08,244 INFO org.springframework.boot.web.embedded.tomcat.TomcatWebServer [restartedMain] Tomcat initialized with port(s): 8080 (http)
2020-09-22 17:29:08,249 INFO org.apache.juli.logging.DirectJDKLog [restartedMain] Initializing ProtocolHandler ["http-nio-8080"]
2020-09-22 17:29:08,249 INFO org.apache.juli.logging.DirectJDKLog [restartedMain] Starting service [Tomcat]
2020-09-22 17:29:08,249 INFO org.apache.juli.logging.DirectJDKLog [restartedMain] Starting Servlet engine: [Apache Tomcat/9.0.37]
2020-09-22 17:29:08,288 INFO org.apache.juli.logging.DirectJDKLog [restartedMain] Initializing Spring embedded WebApplicationContext
2020-09-22 17:29:08,288 INFO org.springframework.boot.web.servlet.context.ServletWebServerApplicationContext [restartedMain] Root WebApplicationContext: initialization completed in 1071 ms
2020-09-22 17:29:08,320 INFO com.zaxxer.hikari.HikariDataSource [restartedMain] HikariPool-1 - Starting...
2020-09-22 17:29:08,382 INFO com.zaxxer.hikari.HikariDataSource [restartedMain] HikariPool-1 - Start completed.
2020-09-22 17:29:08,386 INFO org.springframework.boot.autoconfigure.h2.H2ConsoleAutoConfiguration [restartedMain] H2 console available at '/h2-console'. Database available at 'jdbc:h2:mem:testdb'
2020-09-22 17:29:08,455 INFO org.springframework.scheduling.concurrent.ExecutorConfigurationSupport [restartedMain] Initializing ExecutorService 'applicationTaskExecutor'
2020-09-22 17:29:08,487 INFO org.hibernate.jpa.internal.util.LogHelper [task-1] HHH000204: Processing PersistenceUnitInfo [name: default]
2020-09-22 17:29:08,491 INFO com.realestate.bootstrap.FacilityImageBootstrap [restartedMain] New instance of FacilityImageBootstrap created.
2020-09-22 17:29:08,510 INFO com.realestate.bootstrap.RealEstateAgensyBootstrap [restartedMain] New instance of RealEstateAgensyBootstrap created.
2020-09-22 17:29:08,536 INFO com.realestate.service.implementation.AddressServiceImpl [restartedMain] New instance of AddressServiceImpl created
2020-09-22 17:29:08,555 INFO org.hibernate.Version [task-1] HHH000412: Hibernate ORM core version 5.4.20.Final
2020-09-22 17:29:08,563 INFO com.realestate.service.implementation.ApartmentServiceImpl [restartedMain] New instance of ApartmentServiceImpl created
2020-09-22 17:29:08,573 INFO com.realestate.service.implementation.BasementServiceImpl [restartedMain] New instance of BasementServiceImpl created
2020-09-22 17:29:08,585 INFO com.realestate.service.implementation.ClientServiceImpl [restartedMain] New instance of ClientServiceImpl created
2020-09-22 17:29:08,594 INFO com.realestate.service.implementation.GarageServiceImpl [restartedMain] New instance of GarageServiceImpl created
2020-09-22 17:29:08,604 INFO com.realestate.service.implementation.HouseServiceImpl [restartedMain] New instance of HouseServiceImpl created
2020-09-22 17:29:08,610 INFO com.realestate.service.implementation.RealEstateAgentServiceImpl [restartedMain] New instance of RealEstateAgentServiceImpl created
2020-09-22 17:29:08,624 INFO com.realestate.service.implementation.StorageServiceImpl [restartedMain] New instance of StorageServiceImpl created
2020-09-22 17:29:08,629 INFO com.realestate.controllers.web.AddressController [restartedMain] New instance of AddressController created.
2020-09-22 17:29:08,630 INFO com.realestate.controllers.web.ApartmentController [restartedMain] New instance of ApartmentController created.
2020-09-22 17:29:08,631 INFO com.realestate.controllers.web.BasementController [restartedMain] New instance of BasementController created.
2020-09-22 17:29:08,632 INFO com.realestate.controllers.web.ClientController [restartedMain] New instance of ClientController created.
2020-09-22 17:29:08,635 INFO com.realestate.service.implementation.FacilityServiceImpl [restartedMain] New instance of FacilityServiceImpl created
2020-09-22 17:29:08,636 INFO com.realestate.service.implementation.MappingServiceImpl [restartedMain] New instance of MappingServiceImpl created
2020-09-22 17:29:08,636 INFO com.realestate.controllers.web.FacilityController [restartedMain] New instance of FacilityController created.
2020-09-22 17:29:08,637 INFO org.hibernate.annotations.common.reflection.java.JavaReflectionManager [task-1] HCANN000001: Hibernate Commons Annotations {5.1.0.Final}
2020-09-22 17:29:08,637 INFO com.realestate.controllers.web.GarageController [restartedMain] New instance of GarageController created.
2020-09-22 17:29:08,638 INFO com.realestate.controllers.web.HouseController [restartedMain] New instance of HouseController created.
2020-09-22 17:29:08,638 INFO com.realestate.controllers.web.RealEstateAgentController [restartedMain] New instance of RealEstateAgentController created.
2020-09-22 17:29:08,639 INFO com.realestate.controllers.web.StorageController [restartedMain] New instance of StorageController created.
2020-09-22 17:29:31,422 INFO org.hibernate.dialect.Dialect [task-1] HHH000400: Using dialect: org.hibernate.dialect.H2Dialect
2020-09-22 17:29:43,504 INFO org.springframework.security.web.DefaultSecurityFilterChain [restartedMain] Creating filter chain: any request, [org.springframework.security.web.context.request.async.WebAsyncManagerIntegrationFilter@5d17fcf9, org.springframework.security.web.context.SecurityContextPersistenceFilter@2d988d14, org.springframework.security.web.header.HeaderWriterFilter@4d32ffe4, org.springframework.security.web.authentication.logout.LogoutFilter@2ac932d1, com.realestate.security.jwt.JwtUsernameAndPasswordAuthenticationFilter@2cad5df0, com.realestate.security.jwt.JwtTokenVerifier@799af817, org.springframework.security.web.savedrequest.RequestCacheAwareFilter@3d3c84d, org.springframework.security.web.servletapi.SecurityContextHolderAwareRequestFilter@7ff5f414, org.springframework.security.web.authentication.AnonymousAuthenticationFilter@220fef40, org.springframework.security.web.session.SessionManagementFilter@2b8c9b20, org.springframework.security.web.access.ExceptionTranslationFilter@24769432, org.springframework.security.web.access.intercept.FilterSecurityInterceptor@281e1c88]
2020-09-22 17:29:43,764 INFO org.springframework.boot.devtools.autoconfigure.OptionalLiveReloadServer [restartedMain] LiveReload server is running on port 35729
2020-09-22 17:29:43,775 INFO org.apache.juli.logging.DirectJDKLog [restartedMain] Starting ProtocolHandler ["http-nio-8080"]
2020-09-22 17:29:43,789 INFO org.springframework.boot.web.embedded.tomcat.TomcatWebServer [restartedMain] Tomcat started on port(s): 8080 (http) with context path ''
2020-09-22 17:29:43,790 INFO org.springframework.data.repository.config.DeferredRepositoryInitializationListener [restartedMain] Triggering deferred initialization of Spring Data repositories…
2020-09-22 17:29:44,057 INFO org.hibernate.engine.transaction.jta.platform.internal.JtaPlatformInitiator [task-1] HHH000490: Using JtaPlatform implementation: [org.hibernate.engine.transaction.jta.platform.internal.NoJtaPlatform]
2020-09-22 17:29:44,061 INFO org.springframework.orm.jpa.AbstractEntityManagerFactoryBean [task-1] Initialized JPA EntityManagerFactory for persistence unit 'default'
2020-09-22 17:29:44,435 INFO org.springframework.data.repository.config.DeferredRepositoryInitializationListener [restartedMain] Spring Data repositories initialized!
2020-09-22 17:29:44,526 INFO org.springframework.boot.StartupInfoLogger [restartedMain] Started MmSpringbootApplication in 37.789 seconds (JVM running for 38.463)
2020-09-22 17:30:09,991 INFO org.springframework.orm.jpa.AbstractEntityManagerFactoryBean [SpringContextShutdownHook] Closing JPA EntityManagerFactory for persistence unit 'default'
2020-09-22 17:30:09,991 INFO org.hibernate.tool.schema.internal.SchemaDropperImpl$DelayedDropActionImpl [SpringContextShutdownHook] HHH000477: Starting delayed evictData of schema as part of SessionFactory shut-down'
2020-09-22 17:30:09,998 INFO org.springframework.scheduling.concurrent.ExecutorConfigurationSupport [SpringContextShutdownHook] Shutting down ExecutorService 'applicationTaskExecutor'
2020-09-22 17:30:10,204 WARN org.springframework.beans.factory.support.DisposableBeanAdapter [SpringContextShutdownHook] Invocation of destroy method failed on bean with name 'inMemoryDatabaseShutdownExecutor': org.h2.jdbc.JdbcSQLNonTransientConnectionException: Database is already closed (to disable automatic closing at VM shutdown, add ";DB_CLOSE_ON_EXIT=FALSE" to the db URL) [90121-200]
2020-09-22 17:30:10,204 INFO com.zaxxer.hikari.HikariDataSource [SpringContextShutdownHook] HikariPool-1 - Shutdown initiated...
2020-09-22 17:30:10,208 INFO com.zaxxer.hikari.HikariDataSource [SpringContextShutdownHook] HikariPool-1 - Shutdown completed.
2020-09-22 17:33:08,856 INFO org.hibernate.validator.internal.util.Version [background-preinit] HV000001: Hibernate Validator 6.1.5.Final
2020-09-22 17:33:08,872 INFO org.springframework.boot.StartupInfoLogger [restartedMain] Starting MmSpringbootApplication on dell-Inspiron-3576 with PID 14789 (/home/andrew/IdeaProjects/mm-springboot/application/target/classes started by andrew in /home/andrew/IdeaProjects/mm-springboot)
2020-09-22 17:33:08,874 INFO org.springframework.boot.SpringApplication [restartedMain] No active profile set, falling back to default profiles: default
2020-09-22 17:33:08,947 INFO org.springframework.boot.logging.DeferredLog [restartedMain] Devtools property defaults active! Set 'spring.devtools.add-properties' to 'false' to disable
2020-09-22 17:33:08,947 INFO org.springframework.boot.logging.DeferredLog [restartedMain] For additional web related logging consider setting the 'logging.level.web' property to 'DEBUG'
2020-09-22 17:33:09,584 INFO org.springframework.data.repository.config.RepositoryConfigurationDelegate [restartedMain] Bootstrapping Spring Data JPA repositories in DEFERRED mode.
2020-09-22 17:33:09,656 INFO org.springframework.data.repository.config.RepositoryConfigurationDelegate [restartedMain] Finished Spring Data repository scanning in 66ms. Found 9 JPA repository interfaces.
2020-09-22 17:33:10,043 INFO org.springframework.boot.web.embedded.tomcat.TomcatWebServer [restartedMain] Tomcat initialized with port(s): 8080 (http)
2020-09-22 17:33:10,048 INFO org.apache.juli.logging.DirectJDKLog [restartedMain] Initializing ProtocolHandler ["http-nio-8080"]
2020-09-22 17:33:10,049 INFO org.apache.juli.logging.DirectJDKLog [restartedMain] Starting service [Tomcat]
2020-09-22 17:33:10,049 INFO org.apache.juli.logging.DirectJDKLog [restartedMain] Starting Servlet engine: [Apache Tomcat/9.0.37]
2020-09-22 17:33:10,105 INFO org.apache.juli.logging.DirectJDKLog [restartedMain] Initializing Spring embedded WebApplicationContext
2020-09-22 17:33:10,105 INFO org.springframework.boot.web.servlet.context.ServletWebServerApplicationContext [restartedMain] Root WebApplicationContext: initialization completed in 1158 ms
2020-09-22 17:33:10,138 INFO com.zaxxer.hikari.HikariDataSource [restartedMain] HikariPool-1 - Starting...
2020-09-22 17:33:10,203 INFO com.zaxxer.hikari.HikariDataSource [restartedMain] HikariPool-1 - Start completed.
2020-09-22 17:33:10,207 INFO org.springframework.boot.autoconfigure.h2.H2ConsoleAutoConfiguration [restartedMain] H2 console available at '/h2-console'. Database available at 'jdbc:h2:mem:testdb'
2020-09-22 17:33:10,274 INFO org.springframework.scheduling.concurrent.ExecutorConfigurationSupport [restartedMain] Initializing ExecutorService 'applicationTaskExecutor'
2020-09-22 17:33:10,319 INFO org.hibernate.jpa.internal.util.LogHelper [task-1] HHH000204: Processing PersistenceUnitInfo [name: default]
2020-09-22 17:33:10,319 INFO com.realestate.bootstrap.FacilityImageBootstrap [restartedMain] New instance of FacilityImageBootstrap created.
2020-09-22 17:33:10,321 INFO com.realestate.bootstrap.RealEstateAgensyBootstrap [restartedMain] New instance of RealEstateAgensyBootstrap created.
2020-09-22 17:33:10,344 INFO com.realestate.service.implementation.AddressServiceImpl [restartedMain] New instance of AddressServiceImpl created
2020-09-22 17:33:10,359 INFO org.hibernate.Version [task-1] HHH000412: Hibernate ORM core version 5.4.20.Final
2020-09-22 17:33:10,370 INFO com.realestate.service.implementation.ApartmentServiceImpl [restartedMain] New instance of ApartmentServiceImpl created
2020-09-22 17:33:10,380 INFO com.realestate.service.implementation.BasementServiceImpl [restartedMain] New instance of BasementServiceImpl created
2020-09-22 17:33:10,391 INFO com.realestate.service.implementation.ClientServiceImpl [restartedMain] New instance of ClientServiceImpl created
2020-09-22 17:33:10,400 INFO com.realestate.service.implementation.GarageServiceImpl [restartedMain] New instance of GarageServiceImpl created
2020-09-22 17:33:10,406 INFO com.realestate.service.implementation.HouseServiceImpl [restartedMain] New instance of HouseServiceImpl created
2020-09-22 17:33:10,411 INFO com.realestate.service.implementation.RealEstateAgentServiceImpl [restartedMain] New instance of RealEstateAgentServiceImpl created
2020-09-22 17:33:10,423 INFO com.realestate.service.implementation.StorageServiceImpl [restartedMain] New instance of StorageServiceImpl created
2020-09-22 17:33:10,427 INFO com.realestate.controllers.web.AddressController [restartedMain] New instance of AddressController created.
2020-09-22 17:33:10,428 INFO com.realestate.controllers.web.ApartmentController [restartedMain] New instance of ApartmentController created.
2020-09-22 17:33:10,429 INFO com.realestate.controllers.web.BasementController [restartedMain] New instance of BasementController created.
2020-09-22 17:33:10,429 INFO com.realestate.controllers.web.ClientController [restartedMain] New instance of ClientController created.
2020-09-22 17:33:10,431 INFO com.realestate.service.implementation.FacilityServiceImpl [restartedMain] New instance of FacilityServiceImpl created
2020-09-22 17:33:10,432 INFO com.realestate.service.implementation.MappingServiceImpl [restartedMain] New instance of MappingServiceImpl created
2020-09-22 17:33:10,433 INFO com.realestate.controllers.web.FacilityController [restartedMain] New instance of FacilityController created.
2020-09-22 17:33:10,434 INFO com.realestate.controllers.web.GarageController [restartedMain] New instance of GarageController created.
2020-09-22 17:33:10,434 INFO org.hibernate.annotations.common.reflection.java.JavaReflectionManager [task-1] HCANN000001: Hibernate Commons Annotations {5.1.0.Final}
2020-09-22 17:33:10,434 INFO com.realestate.controllers.web.HouseController [restartedMain] New instance of HouseController created.
2020-09-22 17:33:10,435 INFO com.realestate.controllers.web.RealEstateAgentController [restartedMain] New instance of RealEstateAgentController created.
2020-09-22 17:33:10,436 INFO com.realestate.controllers.web.StorageController [restartedMain] New instance of StorageController created.
2020-09-22 17:37:36,182 WARN com.zaxxer.hikari.pool.HikariPool$HouseKeeper [HikariPool-1 housekeeper] HikariPool-1 - Thread starvation or clock leap detected (housekeeper delta=4m25s875ms716µs142ns).
2020-09-22 17:38:33,476 WARN com.zaxxer.hikari.pool.HikariPool$HouseKeeper [HikariPool-1 housekeeper] HikariPool-1 - Thread starvation or clock leap detected (housekeeper delta=57s297ms19µs265ns).
2020-09-22 17:39:30,119 WARN com.zaxxer.hikari.pool.HikariPool$HouseKeeper [HikariPool-1 housekeeper] HikariPool-1 - Thread starvation or clock leap detected (housekeeper delta=56s642ms763µs358ns).
2020-09-22 17:40:52,404 WARN com.zaxxer.hikari.pool.HikariPool$HouseKeeper [HikariPool-1 housekeeper] HikariPool-1 - Thread starvation or clock leap detected (housekeeper delta=1m22s285ms516µs325ns).
2020-09-22 17:43:24,682 INFO org.hibernate.dialect.Dialect [task-1] HHH000400: Using dialect: org.hibernate.dialect.H2Dialect
2020-09-22 17:44:43,912 WARN com.zaxxer.hikari.pool.HikariPool$HouseKeeper [HikariPool-1 housekeeper] HikariPool-1 - Thread starvation or clock leap detected (housekeeper delta=3m51s507ms854µs186ns).
2020-09-22 17:46:00,586 WARN com.zaxxer.hikari.pool.HikariPool$HouseKeeper [HikariPool-1 housekeeper] HikariPool-1 - Thread starvation or clock leap detected (housekeeper delta=1m16s674ms82µs592ns).
2020-09-22 17:47:28,379 WARN com.zaxxer.hikari.pool.HikariPool$HouseKeeper [HikariPool-1 housekeeper] HikariPool-1 - Thread starvation or clock leap detected (housekeeper delta=1m27s792ms748µs677ns).
2020-09-22 17:47:32,725 INFO org.springframework.security.web.DefaultSecurityFilterChain [restartedMain] Creating filter chain: any request, [org.springframework.security.web.context.request.async.WebAsyncManagerIntegrationFilter@7159cb86, org.springframework.security.web.context.SecurityContextPersistenceFilter@279569d2, org.springframework.security.web.header.HeaderWriterFilter@5b982c84, org.springframework.security.web.authentication.logout.LogoutFilter@331aa470, com.realestate.security.jwt.JwtUsernameAndPasswordAuthenticationFilter@2d18a929, com.realestate.security.jwt.JwtTokenVerifier@4a43fce7, org.springframework.security.web.savedrequest.RequestCacheAwareFilter@755bf31f, org.springframework.security.web.servletapi.SecurityContextHolderAwareRequestFilter@31cb974d, org.springframework.security.web.authentication.AnonymousAuthenticationFilter@77e80869, org.springframework.security.web.session.SessionManagementFilter@3dd5b6da, org.springframework.security.web.access.ExceptionTranslationFilter@689ffc07, org.springframework.security.web.access.intercept.FilterSecurityInterceptor@66635355]
2020-09-22 17:47:32,988 INFO org.springframework.boot.devtools.autoconfigure.OptionalLiveReloadServer [restartedMain] LiveReload server is running on port 35729
2020-09-22 17:47:33,000 INFO org.apache.juli.logging.DirectJDKLog [restartedMain] Starting ProtocolHandler ["http-nio-8080"]
2020-09-22 17:47:33,013 INFO org.springframework.boot.web.embedded.tomcat.TomcatWebServer [restartedMain] Tomcat started on port(s): 8080 (http) with context path ''
2020-09-22 17:47:33,015 INFO org.springframework.data.repository.config.DeferredRepositoryInitializationListener [restartedMain] Triggering deferred initialization of Spring Data repositories…
2020-09-22 17:47:33,284 INFO org.hibernate.engine.transaction.jta.platform.internal.JtaPlatformInitiator [task-1] HHH000490: Using JtaPlatform implementation: [org.hibernate.engine.transaction.jta.platform.internal.NoJtaPlatform]
2020-09-22 17:47:33,289 INFO org.springframework.orm.jpa.AbstractEntityManagerFactoryBean [task-1] Initialized JPA EntityManagerFactory for persistence unit 'default'
2020-09-22 17:47:33,640 INFO org.springframework.data.repository.config.DeferredRepositoryInitializationListener [restartedMain] Spring Data repositories initialized!
2020-09-22 17:47:33,794 INFO org.springframework.boot.StartupInfoLogger [restartedMain] Started MmSpringbootApplication in 865.339 seconds (JVM running for 865.951)
2020-09-22 17:48:18,302 INFO org.springframework.orm.jpa.AbstractEntityManagerFactoryBean [SpringContextShutdownHook] Closing JPA EntityManagerFactory for persistence unit 'default'
2020-09-22 17:48:18,303 INFO org.hibernate.tool.schema.internal.SchemaDropperImpl$DelayedDropActionImpl [SpringContextShutdownHook] HHH000477: Starting delayed evictData of schema as part of SessionFactory shut-down'
2020-09-22 17:48:18,309 INFO org.springframework.scheduling.concurrent.ExecutorConfigurationSupport [SpringContextShutdownHook] Shutting down ExecutorService 'applicationTaskExecutor'
2020-09-22 17:48:18,513 WARN org.springframework.beans.factory.support.DisposableBeanAdapter [SpringContextShutdownHook] Invocation of destroy method failed on bean with name 'inMemoryDatabaseShutdownExecutor': org.h2.jdbc.JdbcSQLNonTransientConnectionException: Database is already closed (to disable automatic closing at VM shutdown, add ";DB_CLOSE_ON_EXIT=FALSE" to the db URL) [90121-200]
2020-09-22 17:48:18,514 INFO com.zaxxer.hikari.HikariDataSource [SpringContextShutdownHook] HikariPool-1 - Shutdown initiated...
2020-09-22 17:48:18,518 INFO com.zaxxer.hikari.HikariDataSource [SpringContextShutdownHook] HikariPool-1 - Shutdown completed.
2020-09-22 19:29:38,194 INFO org.hibernate.validator.internal.util.Version [background-preinit] HV000001: Hibernate Validator 6.1.5.Final
2020-09-22 19:29:38,233 INFO org.springframework.boot.StartupInfoLogger [restartedMain] Starting MmSpringbootApplication on dell-Inspiron-3576 with PID 17160 (/home/andrew/IdeaProjects/mm-springboot/application/target/classes started by andrew in /home/andrew/IdeaProjects/mm-springboot)
2020-09-22 19:29:38,235 INFO org.springframework.boot.SpringApplication [restartedMain] No active profile set, falling back to default profiles: default
2020-09-22 19:29:38,292 INFO org.springframework.boot.logging.DeferredLog [restartedMain] Devtools property defaults active! Set 'spring.devtools.add-properties' to 'false' to disable
2020-09-22 19:29:38,292 INFO org.springframework.boot.logging.DeferredLog [restartedMain] For additional web related logging consider setting the 'logging.level.web' property to 'DEBUG'
2020-09-22 19:29:38,903 INFO org.springframework.data.repository.config.RepositoryConfigurationDelegate [restartedMain] Bootstrapping Spring Data JPA repositories in DEFERRED mode.
2020-09-22 19:29:38,968 INFO org.springframework.data.repository.config.RepositoryConfigurationDelegate [restartedMain] Finished Spring Data repository scanning in 60ms. Found 9 JPA repository interfaces.
2020-09-22 19:29:39,372 INFO org.springframework.boot.web.embedded.tomcat.TomcatWebServer [restartedMain] Tomcat initialized with port(s): 8080 (http)
2020-09-22 19:29:39,377 INFO org.apache.juli.logging.DirectJDKLog [restartedMain] Initializing ProtocolHandler ["http-nio-8080"]
2020-09-22 19:29:39,377 INFO org.apache.juli.logging.DirectJDKLog [restartedMain] Starting service [Tomcat]
2020-09-22 19:29:39,377 INFO org.apache.juli.logging.DirectJDKLog [restartedMain] Starting Servlet engine: [Apache Tomcat/9.0.37]
2020-09-22 19:29:39,433 INFO org.apache.juli.logging.DirectJDKLog [restartedMain] Initializing Spring embedded WebApplicationContext
2020-09-22 19:29:39,433 INFO org.springframework.boot.web.servlet.context.ServletWebServerApplicationContext [restartedMain] Root WebApplicationContext: initialization completed in 1141 ms
2020-09-22 19:29:39,468 INFO com.zaxxer.hikari.HikariDataSource [restartedMain] HikariPool-1 - Starting...
2020-09-22 19:29:39,535 INFO com.zaxxer.hikari.HikariDataSource [restartedMain] HikariPool-1 - Start completed.
2020-09-22 19:29:39,540 INFO org.springframework.boot.autoconfigure.h2.H2ConsoleAutoConfiguration [restartedMain] H2 console available at '/h2-console'. Database available at 'jdbc:h2:mem:testdb'
2020-09-22 19:29:39,613 INFO org.springframework.scheduling.concurrent.ExecutorConfigurationSupport [restartedMain] Initializing ExecutorService 'applicationTaskExecutor'
2020-09-22 19:29:39,648 INFO org.hibernate.jpa.internal.util.LogHelper [task-1] HHH000204: Processing PersistenceUnitInfo [name: default]
2020-09-22 19:29:39,651 INFO com.realestate.bootstrap.FacilityImageBootstrap [restartedMain] New instance of FacilityImageBootstrap created.
2020-09-22 19:29:39,688 INFO com.realestate.bootstrap.RealEstateAgensyBootstrap [restartedMain] New instance of RealEstateAgensyBootstrap created.
2020-09-22 19:29:39,700 INFO com.realestate.service.implementation.AddressServiceImpl [restartedMain] New instance of AddressServiceImpl created
2020-09-22 19:29:39,718 INFO org.hibernate.Version [task-1] HHH000412: Hibernate ORM core version 5.4.20.Final
2020-09-22 19:29:39,723 INFO com.realestate.service.implementation.ApartmentServiceImpl [restartedMain] New instance of ApartmentServiceImpl created
2020-09-22 19:29:39,732 INFO com.realestate.service.implementation.BasementServiceImpl [restartedMain] New instance of BasementServiceImpl created
2020-09-22 19:29:39,741 INFO com.realestate.service.implementation.ClientServiceImpl [restartedMain] New instance of ClientServiceImpl created
2020-09-22 19:29:39,749 INFO com.realestate.service.implementation.GarageServiceImpl [restartedMain] New instance of GarageServiceImpl created
2020-09-22 19:29:39,757 INFO com.realestate.service.implementation.HouseServiceImpl [restartedMain] New instance of HouseServiceImpl created
2020-09-22 19:29:39,764 INFO com.realestate.service.implementation.RealEstateAgentServiceImpl [restartedMain] New instance of RealEstateAgentServiceImpl created
2020-09-22 19:29:39,777 INFO com.realestate.service.implementation.StorageServiceImpl [restartedMain] New instance of StorageServiceImpl created
2020-09-22 19:29:39,782 INFO com.realestate.controllers.web.AddressController [restartedMain] New instance of AddressController created.
2020-09-22 19:29:39,783 INFO com.realestate.controllers.web.ApartmentController [restartedMain] New instance of ApartmentController created.
2020-09-22 19:29:39,784 INFO com.realestate.controllers.web.BasementController [restartedMain] New instance of BasementController created.
2020-09-22 19:29:39,785 INFO com.realestate.controllers.web.ClientController [restartedMain] New instance of ClientController created.
2020-09-22 19:29:39,787 INFO com.realestate.service.implementation.FacilityServiceImpl [restartedMain] New instance of FacilityServiceImpl created
2020-09-22 19:29:39,788 INFO com.realestate.service.implementation.MappingServiceImpl [restartedMain] New instance of MappingServiceImpl created
2020-09-22 19:29:39,789 INFO com.realestate.controllers.web.FacilityController [restartedMain] New instance of FacilityController created.
2020-09-22 19:29:39,790 INFO com.realestate.controllers.web.GarageController [restartedMain] New instance of GarageController created.
2020-09-22 19:29:39,791 INFO com.realestate.controllers.web.HouseController [restartedMain] New instance of HouseController created.
2020-09-22 19:29:39,792 INFO com.realestate.controllers.web.RealEstateAgentController [restartedMain] New instance of RealEstateAgentController created.
2020-09-22 19:29:39,793 INFO com.realestate.controllers.web.StorageController [restartedMain] New instance of StorageController created.
2020-09-22 19:29:41,669 INFO org.hibernate.annotations.common.reflection.java.JavaReflectionManager [task-1] HCANN000001: Hibernate Commons Annotations {5.1.0.Final}
2020-09-22 19:29:45,862 INFO org.hibernate.dialect.Dialect [task-1] HHH000400: Using dialect: org.hibernate.dialect.H2Dialect
2020-09-22 19:29:50,061 INFO org.springframework.security.web.DefaultSecurityFilterChain [restartedMain] Creating filter chain: any request, [org.springframework.security.web.context.request.async.WebAsyncManagerIntegrationFilter@44cc8614, org.springframework.security.web.context.SecurityContextPersistenceFilter@59ea3396, org.springframework.security.web.header.HeaderWriterFilter@4c707585, org.springframework.security.web.authentication.logout.LogoutFilter@1cabe358, com.realestate.security.jwt.JwtUsernameAndPasswordAuthenticationFilter@7e3191bd, com.realestate.security.jwt.JwtTokenVerifier@3757d311, org.springframework.security.web.savedrequest.RequestCacheAwareFilter@54206f43, org.springframework.security.web.servletapi.SecurityContextHolderAwareRequestFilter@d9a068b, org.springframework.security.web.authentication.AnonymousAuthenticationFilter@596db24f, org.springframework.security.web.session.SessionManagementFilter@ddd1f82, org.springframework.security.web.access.ExceptionTranslationFilter@66c87304, org.springframework.security.web.access.intercept.FilterSecurityInterceptor@12c9de55]
2020-09-22 19:29:50,349 INFO org.springframework.boot.devtools.autoconfigure.OptionalLiveReloadServer [restartedMain] LiveReload server is running on port 35729
2020-09-22 19:29:50,362 INFO org.apache.juli.logging.DirectJDKLog [restartedMain] Starting ProtocolHandler ["http-nio-8080"]
2020-09-22 19:29:50,375 INFO org.springframework.boot.web.embedded.tomcat.TomcatWebServer [restartedMain] Tomcat started on port(s): 8080 (http) with context path ''
2020-09-22 19:29:50,377 INFO org.springframework.data.repository.config.DeferredRepositoryInitializationListener [restartedMain] Triggering deferred initialization of Spring Data repositories…
2020-09-22 19:29:50,668 INFO org.hibernate.engine.transaction.jta.platform.internal.JtaPlatformInitiator [task-1] HHH000490: Using JtaPlatform implementation: [org.hibernate.engine.transaction.jta.platform.internal.NoJtaPlatform]
2020-09-22 19:29:50,673 INFO org.springframework.orm.jpa.AbstractEntityManagerFactoryBean [task-1] Initialized JPA EntityManagerFactory for persistence unit 'default'
2020-09-22 19:29:51,038 INFO org.springframework.data.repository.config.DeferredRepositoryInitializationListener [restartedMain] Spring Data repositories initialized!
2020-09-22 19:30:04,863 INFO org.springframework.boot.StartupInfoLogger [restartedMain] Started MmSpringbootApplication in 27.014 seconds (JVM running for 27.599)
2020-09-22 19:31:58,585 INFO org.springframework.orm.jpa.AbstractEntityManagerFactoryBean [SpringContextShutdownHook] Closing JPA EntityManagerFactory for persistence unit 'default'
2020-09-22 19:31:58,585 INFO org.hibernate.tool.schema.internal.SchemaDropperImpl$DelayedDropActionImpl [SpringContextShutdownHook] HHH000477: Starting delayed evictData of schema as part of SessionFactory shut-down'
2020-09-22 19:31:58,594 INFO org.springframework.scheduling.concurrent.ExecutorConfigurationSupport [SpringContextShutdownHook] Shutting down ExecutorService 'applicationTaskExecutor'
2020-09-22 19:31:58,798 WARN org.springframework.beans.factory.support.DisposableBeanAdapter [SpringContextShutdownHook] Invocation of destroy method failed on bean with name 'inMemoryDatabaseShutdownExecutor': org.h2.jdbc.JdbcSQLNonTransientConnectionException: Database is already closed (to disable automatic closing at VM shutdown, add ";DB_CLOSE_ON_EXIT=FALSE" to the db URL) [90121-200]
2020-09-22 19:31:58,799 INFO com.zaxxer.hikari.HikariDataSource [SpringContextShutdownHook] HikariPool-1 - Shutdown initiated...
2020-09-22 19:31:58,802 INFO com.zaxxer.hikari.HikariDataSource [SpringContextShutdownHook] HikariPool-1 - Shutdown completed.
